{"/home/travis/build/npmtest/node-npmtest-rsvp/test.js":{"path":"/home/travis/build/npmtest/node-npmtest-rsvp/test.js","s":{"1":2,"2":2,"3":2,"4":2,"5":2,"6":2,"7":2,"8":1,"9":2,"10":2,"11":1,"12":1,"13":1,"14":1,"15":2,"16":2,"17":2,"18":2,"19":1,"20":1,"21":2,"22":2,"23":2,"24":1,"25":1,"26":1,"27":1,"28":1,"29":1,"30":1,"31":1,"32":1,"33":1,"34":1,"35":1,"36":1,"37":2,"38":2,"39":1,"40":2,"41":2,"42":1,"43":2,"44":2,"45":1,"46":2,"47":2,"48":1,"49":1,"50":1,"51":1,"52":1},"b":{"1":[2,1,1,1],"2":[1,1,1,1],"3":[1,1],"4":[1,1],"5":[1,1],"6":[1,1],"7":[1,1],"8":[1,1],"9":[1,1,1],"10":[1,1],"11":[1,1],"12":[1,1],"13":[1,1],"14":[1,1],"15":[1,1],"16":[1,1]},"f":{"1":2,"2":2,"3":2,"4":2,"5":2,"6":1,"7":1,"8":2,"9":2,"10":2,"11":2,"12":1},"fnMap":{"1":{"name":"(anonymous_1)","line":12,"loc":{"start":{"line":12,"column":1},"end":{"line":12,"column":13}}},"2":{"name":"(anonymous_2)","line":19,"loc":{"start":{"line":19,"column":5},"end":{"line":19,"column":17}}},"3":{"name":"(anonymous_3)","line":23,"loc":{"start":{"line":23,"column":24},"end":{"line":23,"column":36}}},"4":{"name":"(anonymous_4)","line":61,"loc":{"start":{"line":61,"column":5},"end":{"line":61,"column":17}}},"5":{"name":"(anonymous_5)","line":82,"loc":{"start":{"line":82,"column":5},"end":{"line":82,"column":17}}},"6":{"name":"(anonymous_6)","line":102,"loc":{"start":{"line":102,"column":83},"end":{"line":105,"column":10}},"skip":true},"7":{"name":"(anonymous_7)","line":113,"loc":{"start":{"line":113,"column":77},"end":{"line":116,"column":10}},"skip":true},"8":{"name":"(anonymous_8)","line":129,"loc":{"start":{"line":129,"column":12},"end":{"line":129,"column":40}},"skip":true},"9":{"name":"(anonymous_9)","line":137,"loc":{"start":{"line":137,"column":77},"end":{"line":140,"column":10}},"skip":true},"10":{"name":"(anonymous_10)","line":148,"loc":{"start":{"line":148,"column":83},"end":{"line":151,"column":10}},"skip":true},"11":{"name":"(anonymous_11)","line":159,"loc":{"start":{"line":159,"column":79},"end":{"line":162,"column":10}},"skip":true},"12":{"name":"(anonymous_12)","line":170,"loc":{"start":{"line":170,"column":75},"end":{"line":173,"column":10}},"skip":true}},"statementMap":{"1":{"start":{"line":12,"column":0},"end":{"line":185,"column":5}},"2":{"start":{"line":14,"column":4},"end":{"line":14,"column":14}},"3":{"start":{"line":19,"column":4},"end":{"line":56,"column":9}},"4":{"start":{"line":21,"column":8},"end":{"line":21,"column":19}},"5":{"start":{"line":23,"column":8},"end":{"line":35,"column":13}},"6":{"start":{"line":24,"column":12},"end":{"line":34,"column":13}},"7":{"start":{"line":25,"column":16},"end":{"line":28,"column":30}},"8":{"start":{"line":30,"column":16},"end":{"line":33,"column":27}},"9":{"start":{"line":37,"column":8},"end":{"line":39,"column":21}},"10":{"start":{"line":40,"column":8},"end":{"line":53,"column":9}},"11":{"start":{"line":43,"column":12},"end":{"line":46,"column":14}},"12":{"start":{"line":47,"column":12},"end":{"line":47,"column":18}},"13":{"start":{"line":50,"column":12},"end":{"line":51,"column":46}},"14":{"start":{"line":52,"column":12},"end":{"line":52,"column":18}},"15":{"start":{"line":55,"column":8},"end":{"line":55,"column":35}},"16":{"start":{"line":61,"column":4},"end":{"line":63,"column":9}},"17":{"start":{"line":62,"column":8},"end":{"line":62,"column":15}},"18":{"start":{"line":64,"column":4},"end":{"line":77,"column":5}},"19":{"start":{"line":70,"column":8},"end":{"line":70,"column":14}},"20":{"start":{"line":76,"column":8},"end":{"line":76,"column":14}},"21":{"start":{"line":82,"column":4},"end":{"line":84,"column":9}},"22":{"start":{"line":83,"column":8},"end":{"line":83,"column":15}},"23":{"start":{"line":85,"column":4},"end":{"line":184,"column":5}},"24":{"start":{"line":92,"column":8},"end":{"line":94,"column":63}},"25":{"start":{"line":95,"column":8},"end":{"line":95,"column":14}},"26":{"start":{"line":102,"column":8},"end":{"line":111,"column":10},"skip":true},"27":{"start":{"line":109,"column":12},"end":{"line":109,"column":55},"skip":true},"28":{"start":{"line":110,"column":12},"end":{"line":110,"column":48},"skip":true},"29":{"start":{"line":113,"column":8},"end":{"line":126,"column":10},"skip":true},"30":{"start":{"line":120,"column":12},"end":{"line":120,"column":76},"skip":true},"31":{"start":{"line":121,"column":12},"end":{"line":121,"column":73},"skip":true},"32":{"start":{"line":122,"column":12},"end":{"line":122,"column":74},"skip":true},"33":{"start":{"line":123,"column":12},"end":{"line":123,"column":79},"skip":true},"34":{"start":{"line":124,"column":12},"end":{"line":124,"column":25},"skip":true},"35":{"start":{"line":125,"column":12},"end":{"line":125,"column":45},"skip":true},"36":{"start":{"line":128,"column":8},"end":{"line":135,"column":14},"skip":true},"37":{"start":{"line":133,"column":16},"end":{"line":133,"column":29},"skip":true},"38":{"start":{"line":134,"column":16},"end":{"line":134,"column":55},"skip":true},"39":{"start":{"line":137,"column":8},"end":{"line":146,"column":10},"skip":true},"40":{"start":{"line":144,"column":12},"end":{"line":144,"column":25},"skip":true},"41":{"start":{"line":145,"column":12},"end":{"line":145,"column":45},"skip":true},"42":{"start":{"line":148,"column":8},"end":{"line":157,"column":10},"skip":true},"43":{"start":{"line":155,"column":12},"end":{"line":155,"column":25},"skip":true},"44":{"start":{"line":156,"column":12},"end":{"line":156,"column":48},"skip":true},"45":{"start":{"line":159,"column":8},"end":{"line":168,"column":10},"skip":true},"46":{"start":{"line":166,"column":12},"end":{"line":166,"column":25},"skip":true},"47":{"start":{"line":167,"column":12},"end":{"line":167,"column":46},"skip":true},"48":{"start":{"line":170,"column":8},"end":{"line":179,"column":10},"skip":true},"49":{"start":{"line":177,"column":12},"end":{"line":177,"column":94},"skip":true},"50":{"start":{"line":178,"column":12},"end":{"line":178,"column":48},"skip":true},"51":{"start":{"line":182,"column":8},"end":{"line":182,"column":35},"skip":true},"52":{"start":{"line":183,"column":8},"end":{"line":183,"column":14},"skip":true}},"branchMap":{"1":{"line":25,"type":"binary-expr","locations":[{"start":{"line":25,"column":23},"end":{"line":25,"column":62}},{"start":{"line":26,"column":20},"end":{"line":26,"column":70}},{"start":{"line":27,"column":20},"end":{"line":27,"column":71}},{"start":{"line":28,"column":20},"end":{"line":28,"column":29}}]},"2":{"line":30,"type":"binary-expr","locations":[{"start":{"line":30,"column":23},"end":{"line":30,"column":37}},{"start":{"line":31,"column":20},"end":{"line":31,"column":61}},{"start":{"line":32,"column":20},"end":{"line":32,"column":70}},{"start":{"line":33,"column":20},"end":{"line":33,"column":26}}]},"3":{"line":37,"type":"cond-expr","locations":[{"start":{"line":38,"column":14},"end":{"line":38,"column":20}},{"start":{"line":39,"column":14},"end":{"line":39,"column":20}}]},"4":{"line":40,"type":"switch","locations":[{"start":{"line":42,"column":8},"end":{"line":47,"column":18}},{"start":{"line":49,"column":8},"end":{"line":52,"column":18}}]},"5":{"line":44,"type":"binary-expr","locations":[{"start":{"line":44,"column":16},"end":{"line":44,"column":44}},{"start":{"line":44,"column":48},"end":{"line":44,"column":66}}]},"6":{"line":50,"type":"binary-expr","locations":[{"start":{"line":50,"column":21},"end":{"line":50,"column":49}},{"start":{"line":50,"column":53},"end":{"line":50,"column":72}}]},"7":{"line":64,"type":"switch","locations":[{"start":{"line":69,"column":4},"end":{"line":70,"column":14}},{"start":{"line":75,"column":4},"end":{"line":76,"column":14}}]},"8":{"line":85,"type":"switch","locations":[{"start":{"line":90,"column":4},"end":{"line":95,"column":14}},{"start":{"line":101,"column":4},"end":{"line":183,"column":14},"skip":true}]},"9":{"line":92,"type":"binary-expr","locations":[{"start":{"line":92,"column":18},"end":{"line":92,"column":32}},{"start":{"line":93,"column":12},"end":{"line":93,"column":53}},{"start":{"line":94,"column":12},"end":{"line":94,"column":61}}]},"10":{"line":102,"type":"binary-expr","locations":[{"start":{"line":102,"column":45},"end":{"line":102,"column":79},"skip":true},{"start":{"line":102,"column":83},"end":{"line":111,"column":9},"skip":true}]},"11":{"line":113,"type":"binary-expr","locations":[{"start":{"line":113,"column":42},"end":{"line":113,"column":73},"skip":true},{"start":{"line":113,"column":77},"end":{"line":126,"column":9},"skip":true}]},"12":{"line":128,"type":"binary-expr","locations":[{"start":{"line":128,"column":48},"end":{"line":128,"column":85},"skip":true},{"start":{"line":129,"column":12},"end":{"line":135,"column":13},"skip":true}]},"13":{"line":137,"type":"binary-expr","locations":[{"start":{"line":137,"column":42},"end":{"line":137,"column":73},"skip":true},{"start":{"line":137,"column":77},"end":{"line":146,"column":9},"skip":true}]},"14":{"line":148,"type":"binary-expr","locations":[{"start":{"line":148,"column":45},"end":{"line":148,"column":79},"skip":true},{"start":{"line":148,"column":83},"end":{"line":157,"column":9},"skip":true}]},"15":{"line":159,"type":"binary-expr","locations":[{"start":{"line":159,"column":43},"end":{"line":159,"column":75},"skip":true},{"start":{"line":159,"column":79},"end":{"line":168,"column":9},"skip":true}]},"16":{"line":170,"type":"binary-expr","locations":[{"start":{"line":170,"column":41},"end":{"line":170,"column":71},"skip":true},{"start":{"line":170,"column":75},"end":{"line":179,"column":9},"skip":true}]}},"code":["/* istanbul instrument in package npmtest_rsvp */","/*jslint","    bitwise: true,","    browser: true,","    maxerr: 8,","    maxlen: 96,","    node: true,","    nomen: true,","    regexp: true,","    stupid: true","*/","(function () {","    'use strict';","    var local;","","","","    // run shared js-env code - pre-init","    (function () {","        // init local","        local = {};","        // init modeJs","        local.modeJs = (function () {","            try {","                return typeof navigator.userAgent === 'string' &&","                    typeof document.querySelector('body') === 'object' &&","                    typeof XMLHttpRequest.prototype.open === 'function' &&","                    'browser';","            } catch (errorCaughtBrowser) {","                return module.exports &&","                    typeof process.versions.node === 'string' &&","                    typeof require('http').createServer === 'function' &&","                    'node';","            }","        }());","        // init global","        local.global = local.modeJs === 'browser'","            ? window","            : global;","        switch (local.modeJs) {","        // re-init local from window.local","        case 'browser':","            local = local.global.utility2.objectSetDefault(","                local.global.utility2_rollup || local.global.local,","                local.global.utility2","            );","            break;","        // re-init local from example.js","        case 'node':","            local = (local.global.utility2_rollup || require('utility2'))","                .requireExampleJsFromReadme();","            break;","        }","        // export local","        local.global.local = local;","    }());","","","","    // run shared js-env code - function","    (function () {","        return;","    }());","    switch (local.modeJs) {","","","","    // run browser js-env code - function","    case 'browser':","        break;","","","","    // run node js-env code - function","    case 'node':","        break;","    }","","","","    // run shared js-env code - post-init","    (function () {","        return;","    }());","    switch (local.modeJs) {","","","","    // run browser js-env code - post-init","    case 'browser':","        // run tests","        local.nop(local.modeTest &&","            document.querySelector('#testRunButton1') &&","            document.querySelector('#testRunButton1').click());","        break;","","","","    // run node js-env code - post-init","    /* istanbul ignore next */","    case 'node':","        local.testCase_buildApidoc_default = local.testCase_buildApidoc_default || function (","            options,","            onError","        ) {","        /*","         * this function will test buildApidoc's default handling-behavior-behavior","         */","            options = { modulePathList: module.paths };","            local.buildApidoc(options, onError);","        };","","        local.testCase_buildApp_default = local.testCase_buildApp_default || function (","            options,","            onError","        ) {","        /*","         * this function will test buildApp's default handling-behavior-behavior","         */","            local.testCase_buildReadme_default(options, local.onErrorThrow);","            local.testCase_buildLib_default(options, local.onErrorThrow);","            local.testCase_buildTest_default(options, local.onErrorThrow);","            local.testCase_buildCustomOrg_default(options, local.onErrorThrow);","            options = [];","            local.buildApp(options, onError);","        };","","        local.testCase_buildCustomOrg_default = local.testCase_buildCustomOrg_default ||","            function (options, onError) {","            /*","             * this function will test buildCustomOrg's default handling-behavior","             */","                options = {};","                local.buildCustomOrg(options, onError);","            };","","        local.testCase_buildLib_default = local.testCase_buildLib_default || function (","            options,","            onError","        ) {","        /*","         * this function will test buildLib's default handling-behavior","         */","            options = {};","            local.buildLib(options, onError);","        };","","        local.testCase_buildReadme_default = local.testCase_buildReadme_default || function (","            options,","            onError","        ) {","        /*","         * this function will test buildReadme's default handling-behavior-behavior","         */","            options = {};","            local.buildReadme(options, onError);","        };","","        local.testCase_buildTest_default = local.testCase_buildTest_default || function (","            options,","            onError","        ) {","        /*","         * this function will test buildTest's default handling-behavior","         */","            options = {};","            local.buildTest(options, onError);","        };","","        local.testCase_webpage_default = local.testCase_webpage_default || function (","            options,","            onError","        ) {","        /*","         * this function will test webpage's default handling-behavior","         */","            options = { modeCoverageMerge: true, url: local.serverLocalHost + '?modeTest=1' };","            local.browserTest(options, onError);","        };","","        // run test-server","        local.testRunServer(local);","        break;","    }","}());",""],"l":{"12":2,"14":2,"19":2,"21":2,"23":2,"24":2,"25":2,"30":1,"37":2,"40":2,"43":1,"47":1,"50":1,"52":1,"55":2,"61":2,"62":2,"64":2,"70":1,"76":1,"82":2,"83":2,"85":2,"92":1,"95":1,"102":1,"109":1,"110":1,"113":1,"120":1,"121":1,"122":1,"123":1,"124":1,"125":1,"128":1,"133":2,"134":2,"137":1,"144":2,"145":2,"148":1,"155":2,"156":2,"159":1,"166":2,"167":2,"170":1,"177":1,"178":1,"182":1,"183":1}},"/home/travis/build/npmtest/node-npmtest-rsvp/lib.npmtest_rsvp.js":{"path":"/home/travis/build/npmtest/node-npmtest-rsvp/lib.npmtest_rsvp.js","s":{"1":2,"2":2,"3":2,"4":2,"5":2,"6":2,"7":2,"8":1,"9":2,"10":2,"11":2,"12":2,"13":1,"14":1,"15":1,"16":1},"b":{"1":[2,1,1,1],"2":[1,1,1,1],"3":[1,1],"4":[2,2],"5":[1,1]},"f":{"1":2,"2":2,"3":2},"fnMap":{"1":{"name":"(anonymous_1)","line":12,"loc":{"start":{"line":12,"column":1},"end":{"line":12,"column":13}}},"2":{"name":"(anonymous_2)","line":19,"loc":{"start":{"line":19,"column":5},"end":{"line":19,"column":17}}},"3":{"name":"(anonymous_3)","line":23,"loc":{"start":{"line":23,"column":24},"end":{"line":23,"column":36}}}},"statementMap":{"1":{"start":{"line":12,"column":0},"end":{"line":53,"column":5}},"2":{"start":{"line":14,"column":4},"end":{"line":14,"column":14}},"3":{"start":{"line":19,"column":4},"end":{"line":52,"column":9}},"4":{"start":{"line":21,"column":8},"end":{"line":21,"column":19}},"5":{"start":{"line":23,"column":8},"end":{"line":35,"column":13}},"6":{"start":{"line":24,"column":12},"end":{"line":34,"column":13}},"7":{"start":{"line":25,"column":16},"end":{"line":28,"column":30}},"8":{"start":{"line":30,"column":16},"end":{"line":33,"column":27}},"9":{"start":{"line":37,"column":8},"end":{"line":39,"column":21}},"10":{"start":{"line":41,"column":8},"end":{"line":41,"column":54}},"11":{"start":{"line":43,"column":8},"end":{"line":43,"column":49}},"12":{"start":{"line":45,"column":8},"end":{"line":51,"column":9}},"13":{"start":{"line":46,"column":12},"end":{"line":46,"column":55}},"14":{"start":{"line":48,"column":12},"end":{"line":48,"column":35}},"15":{"start":{"line":49,"column":12},"end":{"line":49,"column":49}},"16":{"start":{"line":50,"column":12},"end":{"line":50,"column":43}}},"branchMap":{"1":{"line":25,"type":"binary-expr","locations":[{"start":{"line":25,"column":23},"end":{"line":25,"column":62}},{"start":{"line":26,"column":20},"end":{"line":26,"column":70}},{"start":{"line":27,"column":20},"end":{"line":27,"column":71}},{"start":{"line":28,"column":20},"end":{"line":28,"column":29}}]},"2":{"line":30,"type":"binary-expr","locations":[{"start":{"line":30,"column":23},"end":{"line":30,"column":37}},{"start":{"line":31,"column":20},"end":{"line":31,"column":61}},{"start":{"line":32,"column":20},"end":{"line":32,"column":70}},{"start":{"line":33,"column":20},"end":{"line":33,"column":26}}]},"3":{"line":37,"type":"cond-expr","locations":[{"start":{"line":38,"column":14},"end":{"line":38,"column":20}},{"start":{"line":39,"column":14},"end":{"line":39,"column":20}}]},"4":{"line":41,"type":"binary-expr","locations":[{"start":{"line":41,"column":16},"end":{"line":41,"column":44}},{"start":{"line":41,"column":48},"end":{"line":41,"column":53}}]},"5":{"line":45,"type":"if","locations":[{"start":{"line":45,"column":8},"end":{"line":45,"column":8}},{"start":{"line":45,"column":8},"end":{"line":45,"column":8}}]}},"code":["/* istanbul instrument in package npmtest_rsvp */","/*jslint","    bitwise: true,","    browser: true,","    maxerr: 8,","    maxlen: 96,","    node: true,","    nomen: true,","    regexp: true,","    stupid: true","*/","(function () {","    'use strict';","    var local;","","","","    // run shared js-env code - pre-init","    (function () {","        // init local","        local = {};","        // init modeJs","        local.modeJs = (function () {","            try {","                return typeof navigator.userAgent === 'string' &&","                    typeof document.querySelector('body') === 'object' &&","                    typeof XMLHttpRequest.prototype.open === 'function' &&","                    'browser';","            } catch (errorCaughtBrowser) {","                return module.exports &&","                    typeof process.versions.node === 'string' &&","                    typeof require('http').createServer === 'function' &&","                    'node';","            }","        }());","        // init global","        local.global = local.modeJs === 'browser'","            ? window","            : global;","        // init utility2_rollup","        local = local.global.utility2_rollup || local;","        // init lib","        local.local = local.npmtest_rsvp = local;","        // init exports","        if (local.modeJs === 'browser') {","            local.global.utility2_npmtest_rsvp = local;","        } else {","            module.exports = local;","            module.exports.__dirname = __dirname;","            module.exports.module = module;","        }","    }());","}());",""],"l":{"12":2,"14":2,"19":2,"21":2,"23":2,"24":2,"25":2,"30":1,"37":2,"41":2,"43":2,"45":2,"46":1,"48":1,"49":1,"50":1}},"/home/travis/build/npmtest/node-npmtest-rsvp/example.js":{"path":"/home/travis/build/npmtest/node-npmtest-rsvp/example.js","s":{"1":2,"2":2,"3":2,"4":2,"5":2,"6":2,"7":2,"8":1,"9":2,"10":2,"11":2,"12":2,"13":1,"14":2,"15":2,"16":2,"17":2,"18":2,"19":0,"20":2,"21":1,"22":1,"23":1,"24":1,"25":1,"26":0,"27":0,"28":1,"29":1,"30":2,"31":0,"32":0,"33":0,"34":1,"35":2,"36":2,"37":2,"38":2,"39":2,"40":2,"41":0,"42":2,"43":2,"44":2,"45":1,"46":3,"47":1,"48":1,"49":1,"50":1,"51":1,"52":1,"53":1,"54":1,"55":1,"56":1,"57":0,"58":1,"59":6,"60":6,"61":1,"62":2,"63":0,"64":2,"65":1,"66":1,"67":0,"68":0,"69":0,"70":0,"71":0,"72":0,"73":0,"74":0,"75":0,"76":0,"77":0,"78":0,"79":0,"80":0,"81":0,"82":0,"83":0},"b":{"1":[2,1,1,1],"2":[1,1,1,1],"3":[1,1],"4":[2,2],"5":[1,1],"6":[1,1],"7":[2,0],"8":[2,1,1,1,1,1],"9":[0,2,0],"10":[1,1],"11":[2,1,1],"12":[1,0],"13":[0,2],"14":[2,0,0,0,0,0,0],"15":[0,2],"16":[2,0],"17":[1,1],"18":[0,1],"19":[1,2,0,2],"20":[1,0],"21":[1,1],"22":[0,0],"23":[0,0],"24":[0,0],"25":[0,0],"26":[0,0],"27":[0,0],"28":[0,0]},"f":{"1":2,"2":2,"3":2,"4":2,"5":2,"6":2,"7":2,"8":2,"9":3,"10":1,"11":6,"12":0},"fnMap":{"1":{"name":"(anonymous_1)","line":26,"loc":{"start":{"line":26,"column":1},"end":{"line":26,"column":13}}},"2":{"name":"(anonymous_2)","line":33,"loc":{"start":{"line":33,"column":5},"end":{"line":33,"column":17}}},"3":{"name":"(anonymous_3)","line":37,"loc":{"start":{"line":37,"column":24},"end":{"line":37,"column":36}}},"4":{"name":"(anonymous_4)","line":69,"loc":{"start":{"line":69,"column":31},"end":{"line":69,"column":48}},"skip":true},"5":{"name":"(anonymous_5)","line":78,"loc":{"start":{"line":78,"column":26},"end":{"line":78,"column":45}},"skip":true},"6":{"name":"(anonymous_6)","line":123,"loc":{"start":{"line":123,"column":33},"end":{"line":123,"column":48}},"skip":true},"7":{"name":"(anonymous_7)","line":125,"loc":{"start":{"line":125,"column":27},"end":{"line":125,"column":39}},"skip":true},"8":{"name":"(anonymous_8)","line":133,"loc":{"start":{"line":133,"column":59},"end":{"line":133,"column":74}},"skip":true},"9":{"name":"(anonymous_9)","line":143,"loc":{"start":{"line":143,"column":45},"end":{"line":143,"column":62}},"skip":true},"10":{"name":"(anonymous_10)","line":144,"loc":{"start":{"line":144,"column":73},"end":{"line":144,"column":92}},"skip":true},"11":{"name":"(anonymous_11)","line":272,"loc":{"start":{"line":272,"column":51},"end":{"line":272,"column":77}},"skip":true},"12":{"name":"(anonymous_12)","line":314,"loc":{"start":{"line":314,"column":32},"end":{"line":314,"column":61}},"skip":true}},"statementMap":{"1":{"start":{"line":26,"column":0},"end":{"line":325,"column":5}},"2":{"start":{"line":28,"column":4},"end":{"line":28,"column":14}},"3":{"start":{"line":33,"column":4},"end":{"line":60,"column":9}},"4":{"start":{"line":35,"column":8},"end":{"line":35,"column":19}},"5":{"start":{"line":37,"column":8},"end":{"line":49,"column":13}},"6":{"start":{"line":38,"column":12},"end":{"line":48,"column":13}},"7":{"start":{"line":39,"column":16},"end":{"line":42,"column":30}},"8":{"start":{"line":44,"column":16},"end":{"line":47,"column":27}},"9":{"start":{"line":51,"column":8},"end":{"line":53,"column":21}},"10":{"start":{"line":55,"column":8},"end":{"line":57,"column":45}},"11":{"start":{"line":59,"column":8},"end":{"line":59,"column":35}},"12":{"start":{"line":61,"column":4},"end":{"line":324,"column":5}},"13":{"start":{"line":69,"column":8},"end":{"line":121,"column":10},"skip":true},"14":{"start":{"line":70,"column":12},"end":{"line":88,"column":13},"skip":true},"15":{"start":{"line":76,"column":16},"end":{"line":87,"column":19},"skip":true},"16":{"start":{"line":79,"column":20},"end":{"line":86,"column":21},"skip":true},"17":{"start":{"line":82,"column":24},"end":{"line":82,"column":43},"skip":true},"18":{"start":{"line":83,"column":24},"end":{"line":83,"column":30},"skip":true},"19":{"start":{"line":85,"column":24},"end":{"line":85,"column":49},"skip":true},"20":{"start":{"line":89,"column":12},"end":{"line":107,"column":13},"skip":true},"21":{"start":{"line":92,"column":16},"end":{"line":102,"column":17},"skip":true},"22":{"start":{"line":93,"column":20},"end":{"line":93,"column":86},"skip":true},"23":{"start":{"line":94,"column":20},"end":{"line":95,"column":45},"skip":true},"24":{"start":{"line":96,"column":20},"end":{"line":96,"column":42},"skip":true},"25":{"start":{"line":97,"column":20},"end":{"line":97,"column":48},"skip":true},"26":{"start":{"line":100,"column":20},"end":{"line":100,"column":85},"skip":true},"27":{"start":{"line":101,"column":20},"end":{"line":101,"column":96},"skip":true},"28":{"start":{"line":103,"column":16},"end":{"line":103,"column":22},"skip":true},"29":{"start":{"line":106,"column":16},"end":{"line":106,"column":22},"skip":true},"30":{"start":{"line":108,"column":12},"end":{"line":120,"column":13},"skip":true},"31":{"start":{"line":114,"column":16},"end":{"line":119,"column":17},"skip":true},"32":{"start":{"line":116,"column":20},"end":{"line":116,"column":78},"skip":true},"33":{"start":{"line":118,"column":20},"end":{"line":118,"column":47},"skip":true},"34":{"start":{"line":123,"column":8},"end":{"line":141,"column":11},"skip":true},"35":{"start":{"line":124,"column":12},"end":{"line":124,"column":54},"skip":true},"36":{"start":{"line":125,"column":12},"end":{"line":140,"column":14},"skip":true},"37":{"start":{"line":126,"column":16},"end":{"line":126,"column":28},"skip":true},"38":{"start":{"line":127,"column":16},"end":{"line":127,"column":69},"skip":true},"39":{"start":{"line":128,"column":16},"end":{"line":128,"column":75},"skip":true},"40":{"start":{"line":129,"column":16},"end":{"line":131,"column":17},"skip":true},"41":{"start":{"line":130,"column":20},"end":{"line":130,"column":27},"skip":true},"42":{"start":{"line":133,"column":16},"end":{"line":137,"column":36},"skip":true},"43":{"start":{"line":134,"column":20},"end":{"line":136,"column":55},"skip":true},"44":{"start":{"line":139,"column":16},"end":{"line":139,"column":57},"skip":true},"45":{"start":{"line":143,"column":8},"end":{"line":147,"column":11},"skip":true},"46":{"start":{"line":144,"column":12},"end":{"line":146,"column":15},"skip":true},"47":{"start":{"line":145,"column":16},"end":{"line":145,"column":70},"skip":true},"48":{"start":{"line":149,"column":8},"end":{"line":149,"column":31},"skip":true},"49":{"start":{"line":150,"column":8},"end":{"line":150,"column":14},"skip":true},"50":{"start":{"line":158,"column":8},"end":{"line":158,"column":31},"skip":true},"51":{"start":{"line":160,"column":8},"end":{"line":160,"column":33},"skip":true},"52":{"start":{"line":161,"column":8},"end":{"line":161,"column":37},"skip":true},"53":{"start":{"line":162,"column":8},"end":{"line":162,"column":35},"skip":true},"54":{"start":{"line":164,"column":8},"end":{"line":164,"column":50},"skip":true},"55":{"start":{"line":166,"column":8},"end":{"line":256,"column":2},"skip":true},"56":{"start":{"line":258,"column":8},"end":{"line":286,"column":9},"skip":true},"57":{"start":{"line":259,"column":12},"end":{"line":269,"column":14},"skip":true},"58":{"start":{"line":271,"column":12},"end":{"line":285,"column":19},"skip":true},"59":{"start":{"line":274,"column":20},"end":{"line":274,"column":35},"skip":true},"60":{"start":{"line":275,"column":20},"end":{"line":284,"column":21},"skip":true},"61":{"start":{"line":277,"column":24},"end":{"line":277,"column":64},"skip":true},"62":{"start":{"line":279,"column":24},"end":{"line":279,"column":40},"skip":true},"63":{"start":{"line":281,"column":24},"end":{"line":281,"column":40},"skip":true},"64":{"start":{"line":283,"column":24},"end":{"line":283,"column":39},"skip":true},"65":{"start":{"line":288,"column":8},"end":{"line":290,"column":9},"skip":true},"66":{"start":{"line":289,"column":12},"end":{"line":289,"column":18},"skip":true},"67":{"start":{"line":291,"column":8},"end":{"line":293,"column":54},"skip":true},"68":{"start":{"line":294,"column":8},"end":{"line":301,"column":37},"skip":true},"69":{"start":{"line":302,"column":8},"end":{"line":302,"column":82},"skip":true},"70":{"start":{"line":305,"column":8},"end":{"line":307,"column":9},"skip":true},"71":{"start":{"line":306,"column":12},"end":{"line":306,"column":82},"skip":true},"72":{"start":{"line":309,"column":8},"end":{"line":311,"column":9},"skip":true},"73":{"start":{"line":310,"column":12},"end":{"line":310,"column":18},"skip":true},"74":{"start":{"line":312,"column":8},"end":{"line":312,"column":54},"skip":true},"75":{"start":{"line":313,"column":8},"end":{"line":313,"column":69},"skip":true},"76":{"start":{"line":314,"column":8},"end":{"line":322,"column":36},"skip":true},"77":{"start":{"line":315,"column":12},"end":{"line":315,"column":61},"skip":true},"78":{"start":{"line":316,"column":12},"end":{"line":319,"column":13},"skip":true},"79":{"start":{"line":317,"column":16},"end":{"line":317,"column":75},"skip":true},"80":{"start":{"line":318,"column":16},"end":{"line":318,"column":23},"skip":true},"81":{"start":{"line":320,"column":12},"end":{"line":320,"column":38},"skip":true},"82":{"start":{"line":321,"column":12},"end":{"line":321,"column":27},"skip":true},"83":{"start":{"line":323,"column":8},"end":{"line":323,"column":14},"skip":true}},"branchMap":{"1":{"line":39,"type":"binary-expr","locations":[{"start":{"line":39,"column":23},"end":{"line":39,"column":62}},{"start":{"line":40,"column":20},"end":{"line":40,"column":70}},{"start":{"line":41,"column":20},"end":{"line":41,"column":71}},{"start":{"line":42,"column":20},"end":{"line":42,"column":29}}]},"2":{"line":44,"type":"binary-expr","locations":[{"start":{"line":44,"column":23},"end":{"line":44,"column":37}},{"start":{"line":45,"column":20},"end":{"line":45,"column":61}},{"start":{"line":46,"column":20},"end":{"line":46,"column":70}},{"start":{"line":47,"column":20},"end":{"line":47,"column":26}}]},"3":{"line":51,"type":"cond-expr","locations":[{"start":{"line":52,"column":14},"end":{"line":52,"column":20}},{"start":{"line":53,"column":14},"end":{"line":53,"column":20}}]},"4":{"line":55,"type":"binary-expr","locations":[{"start":{"line":55,"column":16},"end":{"line":55,"column":44}},{"start":{"line":55,"column":49},"end":{"line":57,"column":43}}]},"5":{"line":55,"type":"cond-expr","locations":[{"start":{"line":56,"column":14},"end":{"line":56,"column":48}},{"start":{"line":57,"column":14},"end":{"line":57,"column":43}}]},"6":{"line":61,"type":"switch","locations":[{"start":{"line":68,"column":4},"end":{"line":150,"column":14},"skip":true},{"start":{"line":156,"column":4},"end":{"line":323,"column":14},"skip":true}]},"7":{"line":70,"type":"if","locations":[{"start":{"line":70,"column":12},"end":{"line":70,"column":12},"skip":true},{"start":{"line":70,"column":12},"end":{"line":70,"column":12},"skip":true}]},"8":{"line":70,"type":"binary-expr","locations":[{"start":{"line":70,"column":16},"end":{"line":70,"column":22},"skip":true},{"start":{"line":70,"column":27},"end":{"line":70,"column":32},"skip":true},{"start":{"line":71,"column":20},"end":{"line":71,"column":39},"skip":true},{"start":{"line":72,"column":20},"end":{"line":72,"column":49},"skip":true},{"start":{"line":73,"column":20},"end":{"line":73,"column":58},"skip":true},{"start":{"line":74,"column":20},"end":{"line":74,"column":69},"skip":true}]},"9":{"line":79,"type":"switch","locations":[{"start":{"line":80,"column":20},"end":{"line":80,"column":33},"skip":true},{"start":{"line":81,"column":20},"end":{"line":83,"column":30},"skip":true},{"start":{"line":84,"column":20},"end":{"line":85,"column":49},"skip":true}]},"10":{"line":89,"type":"switch","locations":[{"start":{"line":90,"column":12},"end":{"line":103,"column":22},"skip":true},{"start":{"line":105,"column":12},"end":{"line":106,"column":22},"skip":true}]},"11":{"line":89,"type":"binary-expr","locations":[{"start":{"line":89,"column":20},"end":{"line":89,"column":25},"skip":true},{"start":{"line":89,"column":29},"end":{"line":89,"column":48},"skip":true},{"start":{"line":89,"column":52},"end":{"line":89,"column":74},"skip":true}]},"12":{"line":92,"type":"if","locations":[{"start":{"line":92,"column":16},"end":{"line":92,"column":16},"skip":true},{"start":{"line":92,"column":16},"end":{"line":92,"column":16},"skip":true}]},"13":{"line":108,"type":"if","locations":[{"start":{"line":108,"column":12},"end":{"line":108,"column":12},"skip":true},{"start":{"line":108,"column":12},"end":{"line":108,"column":12},"skip":true}]},"14":{"line":108,"type":"binary-expr","locations":[{"start":{"line":108,"column":16},"end":{"line":108,"column":61},"skip":true},{"start":{"line":108,"column":66},"end":{"line":108,"column":72},"skip":true},{"start":{"line":108,"column":77},"end":{"line":108,"column":82},"skip":true},{"start":{"line":109,"column":20},"end":{"line":109,"column":39},"skip":true},{"start":{"line":110,"column":20},"end":{"line":110,"column":49},"skip":true},{"start":{"line":111,"column":20},"end":{"line":111,"column":58},"skip":true},{"start":{"line":112,"column":20},"end":{"line":112,"column":68},"skip":true}]},"15":{"line":129,"type":"if","locations":[{"start":{"line":129,"column":16},"end":{"line":129,"column":16},"skip":true},{"start":{"line":129,"column":16},"end":{"line":129,"column":16},"skip":true}]},"16":{"line":134,"type":"cond-expr","locations":[{"start":{"line":135,"column":26},"end":{"line":135,"column":29},"skip":true},{"start":{"line":136,"column":26},"end":{"line":136,"column":54},"skip":true}]},"17":{"line":164,"type":"binary-expr","locations":[{"start":{"line":164,"column":27},"end":{"line":164,"column":43},"skip":true},{"start":{"line":164,"column":47},"end":{"line":164,"column":49},"skip":true}]},"18":{"line":258,"type":"if","locations":[{"start":{"line":258,"column":8},"end":{"line":258,"column":8},"skip":true},{"start":{"line":258,"column":8},"end":{"line":258,"column":8},"skip":true}]},"19":{"line":275,"type":"switch","locations":[{"start":{"line":276,"column":20},"end":{"line":277,"column":64},"skip":true},{"start":{"line":278,"column":20},"end":{"line":279,"column":40},"skip":true},{"start":{"line":280,"column":20},"end":{"line":281,"column":40},"skip":true},{"start":{"line":282,"column":20},"end":{"line":283,"column":39},"skip":true}]},"20":{"line":288,"type":"if","locations":[{"start":{"line":288,"column":8},"end":{"line":288,"column":8},"skip":true},{"start":{"line":288,"column":8},"end":{"line":288,"column":8},"skip":true}]},"21":{"line":288,"type":"binary-expr","locations":[{"start":{"line":288,"column":12},"end":{"line":288,"column":40},"skip":true},{"start":{"line":288,"column":44},"end":{"line":288,"column":67},"skip":true}]},"22":{"line":292,"type":"binary-expr","locations":[{"start":{"line":292,"column":12},"end":{"line":292,"column":50},"skip":true},{"start":{"line":293,"column":12},"end":{"line":293,"column":53},"skip":true}]},"23":{"line":295,"type":"binary-expr","locations":[{"start":{"line":295,"column":12},"end":{"line":295,"column":62},"skip":true},{"start":{"line":296,"column":12},"end":{"line":301,"column":36},"skip":true}]},"24":{"line":302,"type":"binary-expr","locations":[{"start":{"line":302,"column":43},"end":{"line":302,"column":75},"skip":true},{"start":{"line":302,"column":79},"end":{"line":302,"column":81},"skip":true}]},"25":{"line":305,"type":"if","locations":[{"start":{"line":305,"column":8},"end":{"line":305,"column":8},"skip":true},{"start":{"line":305,"column":8},"end":{"line":305,"column":8},"skip":true}]},"26":{"line":309,"type":"if","locations":[{"start":{"line":309,"column":8},"end":{"line":309,"column":8},"skip":true},{"start":{"line":309,"column":8},"end":{"line":309,"column":8},"skip":true}]},"27":{"line":312,"type":"binary-expr","locations":[{"start":{"line":312,"column":27},"end":{"line":312,"column":43},"skip":true},{"start":{"line":312,"column":47},"end":{"line":312,"column":53},"skip":true}]},"28":{"line":316,"type":"if","locations":[{"start":{"line":316,"column":12},"end":{"line":316,"column":12},"skip":true},{"start":{"line":316,"column":12},"end":{"line":316,"column":12},"skip":true}]}},"code":["/*","example.js","","quickstart example","","instruction","    1. save this script as example.js","    2. run the shell command:","        $ npm install npmtest-rsvp && PORT=8081 node example.js","    3. play with the browser-demo on http://127.0.0.1:8081","*/","","","","/* istanbul instrument in package npmtest_rsvp */","/*jslint","    bitwise: true,","    browser: true,","    maxerr: 8,","    maxlen: 96,","    node: true,","    nomen: true,","    regexp: true,","    stupid: true","*/","(function () {","    'use strict';","    var local;","","","","    // run shared js-env code - pre-init","    (function () {","        // init local","        local = {};","        // init modeJs","        local.modeJs = (function () {","            try {","                return typeof navigator.userAgent === 'string' &&","                    typeof document.querySelector('body') === 'object' &&","                    typeof XMLHttpRequest.prototype.open === 'function' &&","                    'browser';","            } catch (errorCaughtBrowser) {","                return module.exports &&","                    typeof process.versions.node === 'string' &&","                    typeof require('http').createServer === 'function' &&","                    'node';","            }","        }());","        // init global","        local.global = local.modeJs === 'browser'","            ? window","            : global;","        // init utility2_rollup","        local = local.global.utility2_rollup || (local.modeJs === 'browser'","            ? local.global.utility2_npmtest_rsvp","            : global.utility2_moduleExports);","        // export local","        local.global.local = local;","    }());","    switch (local.modeJs) {","","","","    // post-init","    // run browser js-env code - post-init","    /* istanbul ignore next */","    case 'browser':","        local.testRunBrowser = function (event) {","            if (!event || (event &&","                    event.currentTarget &&","                    event.currentTarget.className &&","                    event.currentTarget.className.includes &&","                    event.currentTarget.className.includes('onreset'))) {","                // reset output","                Array.from(","                    document.querySelectorAll('body > .resettable')","                ).forEach(function (element) {","                    switch (element.tagName) {","                    case 'INPUT':","                    case 'TEXTAREA':","                        element.value = '';","                        break;","                    default:","                        element.textContent = '';","                    }","                });","            }","            switch (event && event.currentTarget && event.currentTarget.id) {","            case 'testRunButton1':","                // show tests","                if (document.querySelector('#testReportDiv1').style.display === 'none') {","                    document.querySelector('#testReportDiv1').style.display = 'block';","                    document.querySelector('#testRunButton1').textContent =","                        'hide internal test';","                    local.modeTest = true;","                    local.testRunDefault(local);","                // hide tests","                } else {","                    document.querySelector('#testReportDiv1').style.display = 'none';","                    document.querySelector('#testRunButton1').textContent = 'run internal test';","                }","                break;","            // custom-case","            default:","                break;","            }","            if (document.querySelector('#inputTextareaEval1') && (!event || (event &&","                    event.currentTarget &&","                    event.currentTarget.className &&","                    event.currentTarget.className.includes &&","                    event.currentTarget.className.includes('oneval')))) {","                // try to eval input-code","                try {","                    /*jslint evil: true*/","                    eval(document.querySelector('#inputTextareaEval1').value);","                } catch (errorCaught) {","                    console.error(errorCaught);","                }","            }","        };","        // log stderr and stdout to #outputTextareaStdout1","        ['error', 'log'].forEach(function (key) {","            console[key + '_original'] = console[key];","            console[key] = function () {","                var element;","                console[key + '_original'].apply(console, arguments);","                element = document.querySelector('#outputTextareaStdout1');","                if (!element) {","                    return;","                }","                // append text to #outputTextareaStdout1","                element.value += Array.from(arguments).map(function (arg) {","                    return typeof arg === 'string'","                        ? arg","                        : JSON.stringify(arg, null, 4);","                }).join(' ') + '\\n';","                // scroll textarea to bottom","                element.scrollTop = element.scrollHeight;","            };","        });","        // init event-handling","        ['change', 'click', 'keyup'].forEach(function (event) {","            Array.from(document.querySelectorAll('.on' + event)).forEach(function (element) {","                element.addEventListener(event, local.testRunBrowser);","            });","        });","        // run tests","        local.testRunBrowser();","        break;","","","","    // run node js-env code - post-init","    /* istanbul ignore next */","    case 'node':","        // export local","        module.exports = local;","        // require modules","        local.fs = require('fs');","        local.http = require('http');","        local.url = require('url');","        // init assets","        local.assetsDict = local.assetsDict || {};","        /* jslint-ignore-begin */","        local.assetsDict['/assets.index.template.html'] = '\\","<!doctype html>\\n\\","<html lang=\"en\">\\n\\","<head>\\n\\","<meta charset=\"UTF-8\">\\n\\","<meta name=\"viewport\" content=\"width=device-width, initial-scale=1\">\\n\\","<title>{{env.npm_package_name}} (v{{env.npm_package_version}})</title>\\n\\","<style>\\n\\","/*csslint\\n\\","    box-sizing: false,\\n\\","    universal-selector: false\\n\\","*/\\n\\","* {\\n\\","    box-sizing: border-box;\\n\\","}\\n\\","body {\\n\\","    background: #dde;\\n\\","    font-family: Arial, Helvetica, sans-serif;\\n\\","    margin: 2rem;\\n\\","}\\n\\","body > * {\\n\\","    margin-bottom: 1rem;\\n\\","}\\n\\",".utility2FooterDiv {\\n\\","    margin-top: 20px;\\n\\","    text-align: center;\\n\\","}\\n\\","</style>\\n\\","<style>\\n\\","/*csslint\\n\\","*/\\n\\","textarea {\\n\\","    font-family: monospace;\\n\\","    height: 10rem;\\n\\","    width: 100%;\\n\\","}\\n\\","textarea[readonly] {\\n\\","    background: #ddd;\\n\\","}\\n\\","</style>\\n\\","</head>\\n\\","<body>\\n\\","<!-- utility2-comment\\n\\","<div id=\"ajaxProgressDiv1\" style=\"background: #d00; height: 2px; left: 0; margin: 0; padding: 0; position: fixed; top: 0; transition: background 0.5s, width 1.5s; width: 25%;\"></div>\\n\\","utility2-comment -->\\n\\","<h1>\\n\\","<!-- utility2-comment\\n\\","    <a\\n\\","        {{#if env.npm_package_homepage}}\\n\\","        href=\"{{env.npm_package_homepage}}\"\\n\\","        {{/if env.npm_package_homepage}}\\n\\","        target=\"_blank\"\\n\\","    >\\n\\","utility2-comment -->\\n\\","        {{env.npm_package_name}} (v{{env.npm_package_version}})\\n\\","<!-- utility2-comment\\n\\","    </a>\\n\\","utility2-comment -->\\n\\","</h1>\\n\\","<h3>{{env.npm_package_description}}</h3>\\n\\","<!-- utility2-comment\\n\\","<h4><a download href=\"assets.app.js\">download standalone app</a></h4>\\n\\","<button class=\"onclick onreset\" id=\"testRunButton1\">run internal test</button><br>\\n\\","<div id=\"testReportDiv1\" style=\"display: none;\"></div>\\n\\","utility2-comment -->\\n\\","\\n\\","\\n\\","\\n\\","<label>stderr and stdout</label>\\n\\","<textarea class=\"resettable\" id=\"outputTextareaStdout1\" readonly></textarea>\\n\\","<!-- utility2-comment\\n\\","{{#if isRollup}}\\n\\","<script src=\"assets.app.js\"></script>\\n\\","{{#unless isRollup}}\\n\\","utility2-comment -->\\n\\","<script src=\"assets.utility2.rollup.js\"></script>\\n\\","<script src=\"jsonp.utility2._stateInit?callback=window.utility2._stateInit\"></script>\\n\\","<script src=\"assets.npmtest_rsvp.rollup.js\"></script>\\n\\","<script src=\"assets.example.js\"></script>\\n\\","<script src=\"assets.test.js\"></script>\\n\\","<!-- utility2-comment\\n\\","{{/if isRollup}}\\n\\","utility2-comment -->\\n\\","<div class=\"utility2FooterDiv\">\\n\\","    [ this app was created with\\n\\","    <a href=\"https://github.com/kaizhu256/node-utility2\" target=\"_blank\">utility2</a>\\n\\","    ]\\n\\","</div>\\n\\","</body>\\n\\","</html>\\n\\","';","        /* jslint-ignore-end */","        if (local.templateRender) {","            local.assetsDict['/'] = local.templateRender(","                local.assetsDict['/assets.index.template.html'],","                {","                    env: local.objectSetDefault(local.env, {","                        npm_package_description: 'the greatest app in the world!',","                        npm_package_name: 'my-app',","                        npm_package_nameAlias: 'my_app',","                        npm_package_version: '0.0.1'","                    })","                }","            );","        } else {","            local.assetsDict['/'] = local.assetsDict['/assets.index.template.html']","                .replace((/\\{\\{env\\.(\\w+?)\\}\\}/g), function (match0, match1) {","                    // jslint-hack","                    String(match0);","                    switch (match1) {","                    case 'npm_package_description':","                        return 'the greatest app in the world!';","                    case 'npm_package_name':","                        return 'my-app';","                    case 'npm_package_nameAlias':","                        return 'my_app';","                    case 'npm_package_version':","                        return '0.0.1';","                    }","                });","        }","        // run the cli","        if (local.global.utility2_rollup || module !== require.main) {","            break;","        }","        local.assetsDict['/assets.example.js'] =","            local.assetsDict['/assets.example.js'] ||","            local.fs.readFileSync(__filename, 'utf8');","        local.assetsDict['/assets.npmtest_rsvp.rollup.js'] =","            local.assetsDict['/assets.npmtest_rsvp.rollup.js'] ||","            local.fs.readFileSync(","                // buildCustomOrg-hack","                local.npmtest_rsvp.__dirname +","                    '/lib.npmtest_rsvp.js',","                'utf8'","            ).replace((/^#!/), '//');","        local.assetsDict['/favicon.ico'] = local.assetsDict['/favicon.ico'] || '';","        // if $npm_config_timeout_exit exists,","        // then exit this process after $npm_config_timeout_exit ms","        if (Number(process.env.npm_config_timeout_exit)) {","            setTimeout(process.exit, Number(process.env.npm_config_timeout_exit));","        }","        // start server","        if (local.global.utility2_serverHttp1) {","            break;","        }","        process.env.PORT = process.env.PORT || '8081';","        console.error('server starting on port ' + process.env.PORT);","        local.http.createServer(function (request, response) {","            request.urlParsed = local.url.parse(request.url);","            if (local.assetsDict[request.urlParsed.pathname] !== undefined) {","                response.end(local.assetsDict[request.urlParsed.pathname]);","                return;","            }","            response.statusCode = 404;","            response.end();","        }).listen(process.env.PORT);","        break;","    }","}());",""],"l":{"26":2,"28":2,"33":2,"35":2,"37":2,"38":2,"39":2,"44":1,"51":2,"55":2,"59":2,"61":2,"69":1,"70":2,"76":2,"79":2,"82":2,"83":2,"85":1,"89":2,"92":1,"93":1,"94":1,"96":1,"97":1,"100":1,"101":1,"103":1,"106":1,"108":2,"114":1,"116":1,"118":1,"123":1,"124":2,"125":2,"126":2,"127":2,"128":2,"129":2,"130":1,"133":2,"134":2,"139":2,"143":1,"144":3,"145":1,"149":1,"150":1,"158":1,"160":1,"161":1,"162":1,"164":1,"166":1,"258":1,"259":1,"271":1,"274":6,"275":6,"277":1,"279":2,"281":1,"283":2,"288":1,"289":1,"291":1,"294":1,"302":1,"305":1,"306":1,"309":1,"310":1,"312":1,"313":1,"314":1,"315":1,"316":1,"317":1,"318":1,"320":1,"321":1,"323":1}},"/home/travis/build/npmtest/node-npmtest-rsvp/node_modules/rsvp/dist/rsvp.js":{"path":"/home/travis/build/npmtest/node-npmtest-rsvp/node_modules/rsvp/dist/rsvp.js","s":{"1":1,"2":1,"3":1,"4":0,"5":0,"6":0,"7":0,"8":1,"9":0,"10":0,"11":0,"12":0,"13":1,"14":1,"15":1,"16":1,"17":1,"18":1,"19":0,"20":0,"21":0,"22":0,"23":0,"24":0,"25":0,"26":0,"27":0,"28":0,"29":0,"30":0,"31":0,"32":0,"33":0,"34":0,"35":0,"36":0,"37":0,"38":0,"39":0,"40":1,"41":1,"42":1,"43":0,"44":0,"45":0,"46":0,"47":0,"48":0,"49":1,"50":0,"51":1,"52":0,"53":1,"54":0,"55":1,"56":1,"57":0,"58":0,"59":1,"60":1,"61":1,"62":0,"63":1,"64":1,"65":0,"66":0,"67":0,"68":0,"69":0,"70":0,"71":1,"72":1,"73":0,"74":0,"75":0,"76":0,"77":0,"78":0,"79":0,"80":0,"81":0,"82":0,"83":1,"84":0,"85":0,"86":1,"87":0,"88":0,"89":0,"90":0,"91":0,"92":0,"93":1,"94":0,"95":1,"96":1,"97":1,"98":1,"99":1,"100":1,"101":0,"102":0,"103":0,"104":0,"105":1,"106":0,"107":0,"108":0,"109":1,"110":0,"111":0,"112":0,"113":0,"114":0,"115":0,"116":0,"117":0,"118":0,"119":0,"120":0,"121":0,"122":0,"123":0,"124":0,"125":0,"126":1,"127":0,"128":0,"129":0,"130":0,"131":0,"132":0,"133":0,"134":0,"135":0,"136":0,"137":1,"138":0,"139":0,"140":0,"141":0,"142":0,"143":0,"144":0,"145":0,"146":0,"147":0,"148":1,"149":0,"150":0,"151":0,"152":0,"153":0,"154":1,"155":0,"156":0,"157":0,"158":1,"159":0,"160":0,"161":0,"162":0,"163":0,"164":0,"165":0,"166":0,"167":1,"168":0,"169":0,"170":0,"171":0,"172":0,"173":1,"174":0,"175":0,"176":0,"177":0,"178":0,"179":0,"180":0,"181":0,"182":1,"183":0,"184":0,"185":0,"186":0,"187":0,"188":0,"189":0,"190":0,"191":0,"192":0,"193":0,"194":0,"195":0,"196":0,"197":1,"198":2,"199":1,"200":1,"201":0,"202":0,"203":0,"204":0,"205":1,"206":0,"207":0,"208":0,"209":0,"210":0,"211":0,"212":0,"213":0,"214":0,"215":0,"216":0,"217":0,"218":0,"219":0,"220":0,"221":0,"222":0,"223":0,"224":0,"225":0,"226":0,"227":0,"228":1,"229":0,"230":0,"231":0,"232":0,"233":0,"234":0,"235":0,"236":0,"237":0,"238":0,"239":0,"240":0,"241":1,"242":0,"243":0,"244":0,"245":0,"246":0,"247":0,"248":0,"249":0,"250":0,"251":0,"252":0,"253":0,"254":0,"255":0,"256":0,"257":0,"258":0,"259":1,"260":0,"261":0,"262":0,"263":1,"264":0,"265":0,"266":0,"267":0,"268":0,"269":0,"270":0,"271":0,"272":0,"273":0,"274":0,"275":0,"276":0,"277":0,"278":0,"279":1,"280":0,"281":1,"282":0,"283":1,"284":0,"285":1,"286":0,"287":0,"288":0,"289":0,"290":0,"291":1,"292":0,"293":0,"294":0,"295":0,"296":0,"297":0,"298":0,"299":0,"300":0,"301":0,"302":0,"303":0,"304":0,"305":0,"306":0,"307":0,"308":0,"309":1,"310":0,"311":0,"312":0,"313":0,"314":1,"315":0,"316":0,"317":0,"318":0,"319":0,"320":0,"321":0,"322":0,"323":1,"324":0,"325":1,"326":0,"327":0,"328":0,"329":0,"330":1,"331":0,"332":1,"333":0,"334":0,"335":0,"336":0,"337":0,"338":0,"339":0,"340":0,"341":0,"342":0,"343":1,"344":0,"345":0,"346":0,"347":0,"348":1,"349":1,"350":1,"351":0,"352":1,"353":0,"354":1,"355":0,"356":0,"357":0,"358":0,"359":0,"360":0,"361":0,"362":0,"363":0,"364":1,"365":1,"366":1,"367":1,"368":1,"369":1,"370":0,"371":0,"372":0,"373":0,"374":0,"375":0,"376":0,"377":0,"378":0,"379":0,"380":0,"381":0,"382":1,"383":2,"384":1,"385":1,"386":1,"387":0,"388":0,"389":0,"390":0,"391":1,"392":0,"393":0,"394":0,"395":0,"396":1,"397":0,"398":0,"399":0,"400":0,"401":0,"402":0,"403":0,"404":0,"405":0,"406":1,"407":0,"408":0,"409":0,"410":0,"411":0,"412":1,"413":0,"414":0,"415":1,"416":0,"417":0,"418":0,"419":0,"420":0,"421":0,"422":0,"423":0,"424":0,"425":0,"426":0,"427":0,"428":0,"429":0,"430":0,"431":0,"432":0,"433":0,"434":0,"435":0,"436":0,"437":0,"438":0,"439":0,"440":0,"441":0,"442":0,"443":0,"444":0,"445":0,"446":0,"447":0,"448":1,"449":0,"450":0,"451":0,"452":0,"453":1,"454":0,"455":0,"456":0,"457":0,"458":0,"459":1,"460":0,"461":0,"462":0,"463":0,"464":0,"465":1,"466":0,"467":1,"468":0,"469":1,"470":1,"471":1,"472":1,"473":0,"474":1,"475":0,"476":1,"477":0,"478":1,"479":0,"480":1,"481":1,"482":1,"483":0,"484":1,"485":0,"486":1,"487":0,"488":1,"489":0,"490":0,"491":0,"492":0,"493":0,"494":0,"495":0,"496":0,"497":0,"498":0,"499":0,"500":0,"501":0,"502":1,"503":0,"504":1,"505":0,"506":1,"507":1,"508":1,"509":1,"510":0,"511":1,"512":0,"513":1,"514":0,"515":0,"516":0,"517":1,"518":0,"519":0,"520":0,"521":0,"522":0,"523":1,"524":0,"525":0,"526":0,"527":0,"528":0,"529":0,"530":0,"531":0,"532":1,"533":0,"534":1,"535":0,"536":1,"537":0,"538":1,"539":0,"540":0,"541":1,"542":0,"543":0,"544":0,"545":0,"546":0,"547":0,"548":0,"549":0,"550":0,"551":0,"552":0,"553":0,"554":0,"555":0,"556":0,"557":0,"558":0,"559":1,"560":1,"561":1,"562":0,"563":0,"564":0,"565":0,"566":0,"567":1,"568":1,"569":1,"570":1,"571":1,"572":1,"573":1,"574":1,"575":1,"576":0,"577":1,"578":0,"579":1,"580":0,"581":0,"582":0,"583":0,"584":1,"585":0,"586":0,"587":0,"588":0,"589":0,"590":0,"591":1,"592":0,"593":0,"594":0,"595":0,"596":1,"597":0,"598":0,"599":1,"600":1,"601":0,"602":0,"603":0,"604":0,"605":0,"606":0,"607":0,"608":1,"609":0,"610":0,"611":0,"612":0,"613":0,"614":0,"615":1,"616":1,"617":1,"618":0,"619":0,"620":0,"621":0,"622":0,"623":0,"624":0,"625":1,"626":1,"627":0,"628":1,"629":1,"630":0,"631":1,"632":1,"633":2,"634":0,"635":2,"636":2,"637":1,"638":1,"639":0,"640":1,"641":1,"642":0,"643":1,"644":0,"645":1,"646":0,"647":1,"648":0,"649":0,"650":0,"651":0,"652":0,"653":1,"654":1,"655":1,"656":1,"657":1,"658":1,"659":1,"660":1,"661":1,"662":1,"663":1,"664":1,"665":1,"666":1,"667":1,"668":1,"669":1,"670":1,"671":1,"672":1,"673":1,"674":1,"675":1},"b":{"1":[1,0],"2":[1,1],"3":[0,0],"4":[0,0],"5":[0,0],"6":[0,0],"7":[0,0],"8":[0,0],"9":[0,0],"10":[0,0],"11":[0,0],"12":[0,0],"13":[0,0],"14":[0,0],"15":[0,0],"16":[0,0,0],"17":[0,0],"18":[0,1],"19":[1,0],"20":[1,0],"21":[0,0],"22":[0,0],"23":[0,0],"24":[0,0],"25":[0,0],"26":[0,0],"27":[0,0],"28":[0,0,0],"29":[0,0],"30":[0,0],"31":[0,0],"32":[0,0],"33":[0,0],"34":[0,0],"35":[0,0],"36":[0,0],"37":[0,0],"38":[0,0],"39":[0,0,0],"40":[0,0],"41":[0,0],"42":[0,0],"43":[0,0],"44":[0,0],"45":[0,0],"46":[0,0],"47":[0,0],"48":[0,0],"49":[0,0],"50":[0,0],"51":[0,0],"52":[0,0],"53":[0,0],"54":[0,0],"55":[0,0],"56":[0,0],"57":[0,0],"58":[0,0],"59":[0,0],"60":[0,0],"61":[0,0],"62":[0,0],"63":[0,0],"64":[0,0],"65":[0,0],"66":[0,0],"67":[0,0],"68":[0,0,0,0],"69":[0,0],"70":[0,0],"71":[0,0],"72":[0,0],"73":[0,0],"74":[0,0],"75":[0,0],"76":[0,0],"77":[0,0],"78":[0,0],"79":[0,0],"80":[0,0],"81":[0,0],"82":[0,0],"83":[0,0],"84":[0,0],"85":[0,0],"86":[0,0],"87":[0,0],"88":[0,0],"89":[0,0],"90":[0,0],"91":[0,0],"92":[0,0],"93":[0,0],"94":[0,0],"95":[0,0],"96":[0,0],"97":[0,0],"98":[0,0],"99":[0,0],"100":[0,0],"101":[0,0],"102":[0,0],"103":[0,0],"104":[0,0],"105":[0,0],"106":[0,0],"107":[0,0],"108":[0,0],"109":[0,0],"110":[0,0],"111":[0,0],"112":[0,0],"113":[0,0],"114":[0,0],"115":[0,0],"116":[0,0],"117":[0,0],"118":[0,1],"119":[1,1],"120":[1,1],"121":[1,1,1],"122":[1,1,0],"123":[0,1],"124":[1,1,0],"125":[0,0],"126":[0,0],"127":[1,0],"128":[0,0],"129":[0,0],"130":[0,0],"131":[0,0],"132":[0,1],"133":[1,0],"134":[0,2],"135":[0,1],"136":[1,0],"137":[0,0]},"f":{"1":1,"2":1,"3":0,"4":0,"5":1,"6":0,"7":0,"8":0,"9":0,"10":0,"11":0,"12":0,"13":0,"14":0,"15":0,"16":0,"17":0,"18":0,"19":0,"20":0,"21":0,"22":0,"23":0,"24":0,"25":0,"26":0,"27":0,"28":0,"29":0,"30":0,"31":0,"32":0,"33":0,"34":0,"35":0,"36":0,"37":0,"38":0,"39":2,"40":0,"41":0,"42":0,"43":0,"44":0,"45":0,"46":0,"47":0,"48":0,"49":0,"50":0,"51":0,"52":0,"53":0,"54":0,"55":0,"56":0,"57":0,"58":0,"59":0,"60":0,"61":0,"62":0,"63":0,"64":0,"65":0,"66":0,"67":0,"68":0,"69":0,"70":0,"71":0,"72":0,"73":0,"74":0,"75":0,"76":0,"77":0,"78":2,"79":0,"80":0,"81":0,"82":0,"83":0,"84":0,"85":0,"86":0,"87":0,"88":0,"89":0,"90":0,"91":0,"92":0,"93":0,"94":0,"95":0,"96":0,"97":0,"98":0,"99":0,"100":0,"101":0,"102":0,"103":0,"104":0,"105":0,"106":0,"107":0,"108":0,"109":0,"110":0,"111":0,"112":0,"113":0,"114":0,"115":0,"116":0,"117":0,"118":0,"119":0,"120":0,"121":1,"122":0,"123":0,"124":0,"125":0,"126":0,"127":0,"128":0,"129":0,"130":0,"131":0,"132":0,"133":2,"134":0,"135":0,"136":0,"137":0},"fnMap":{"1":{"name":"(anonymous_1)","line":9,"loc":{"start":{"line":9,"column":1},"end":{"line":9,"column":28}}},"2":{"name":"(anonymous_2)","line":13,"loc":{"start":{"line":13,"column":9},"end":{"line":13,"column":28}}},"3":{"name":"indexOf","line":15,"loc":{"start":{"line":15,"column":0},"end":{"line":15,"column":38}}},"4":{"name":"callbacksFor","line":25,"loc":{"start":{"line":25,"column":0},"end":{"line":25,"column":30}}},"5":{"name":"mixin","line":71,"loc":{"start":{"line":71,"column":9},"end":{"line":71,"column":32}}},"6":{"name":"on","line":93,"loc":{"start":{"line":93,"column":6},"end":{"line":93,"column":39}}},"7":{"name":"off","line":142,"loc":{"start":{"line":142,"column":7},"end":{"line":142,"column":41}}},"8":{"name":"trigger","line":186,"loc":{"start":{"line":186,"column":11},"end":{"line":186,"column":55}}},"9":{"name":"configure","line":208,"loc":{"start":{"line":208,"column":0},"end":{"line":208,"column":32}}},"10":{"name":"objectOrFunction","line":224,"loc":{"start":{"line":224,"column":0},"end":{"line":224,"column":29}}},"11":{"name":"isFunction","line":228,"loc":{"start":{"line":228,"column":0},"end":{"line":228,"column":23}}},"12":{"name":"isMaybeThenable","line":232,"loc":{"start":{"line":232,"column":0},"end":{"line":232,"column":28}}},"13":{"name":"(anonymous_13)","line":238,"loc":{"start":{"line":238,"column":13},"end":{"line":238,"column":26}}},"14":{"name":"(anonymous_14)","line":249,"loc":{"start":{"line":249,"column":22},"end":{"line":249,"column":34}}},"15":{"name":"F","line":253,"loc":{"start":{"line":253,"column":0},"end":{"line":253,"column":13}}},"16":{"name":"(anonymous_16)","line":255,"loc":{"start":{"line":255,"column":32},"end":{"line":255,"column":45}}},"17":{"name":"scheduleFlush","line":268,"loc":{"start":{"line":268,"column":0},"end":{"line":268,"column":25}}},"18":{"name":"(anonymous_18)","line":269,"loc":{"start":{"line":269,"column":13},"end":{"line":269,"column":25}}},"19":{"name":"instrument$1","line":286,"loc":{"start":{"line":286,"column":0},"end":{"line":286,"column":49}}},"20":{"name":"resolve$1","line":335,"loc":{"start":{"line":335,"column":0},"end":{"line":335,"column":34}}},"21":{"name":"withOwnPromise","line":348,"loc":{"start":{"line":348,"column":0},"end":{"line":348,"column":26}}},"22":{"name":"noop","line":352,"loc":{"start":{"line":352,"column":0},"end":{"line":352,"column":16}}},"23":{"name":"getThen","line":360,"loc":{"start":{"line":360,"column":0},"end":{"line":360,"column":26}}},"24":{"name":"tryThen","line":369,"loc":{"start":{"line":369,"column":0},"end":{"line":369,"column":71}}},"25":{"name":"handleForeignThenable","line":377,"loc":{"start":{"line":377,"column":0},"end":{"line":377,"column":59}}},"26":{"name":"(anonymous_26)","line":378,"loc":{"start":{"line":378,"column":15},"end":{"line":378,"column":34}}},"27":{"name":"(anonymous_27)","line":380,"loc":{"start":{"line":380,"column":43},"end":{"line":380,"column":60}}},"28":{"name":"(anonymous_28)","line":390,"loc":{"start":{"line":390,"column":7},"end":{"line":390,"column":25}}},"29":{"name":"handleOwnThenable","line":406,"loc":{"start":{"line":406,"column":0},"end":{"line":406,"column":46}}},"30":{"name":"(anonymous_30)","line":413,"loc":{"start":{"line":413,"column":35},"end":{"line":413,"column":52}}},"31":{"name":"(anonymous_31)","line":419,"loc":{"start":{"line":419,"column":7},"end":{"line":419,"column":25}}},"32":{"name":"handleMaybeThenable","line":425,"loc":{"start":{"line":425,"column":0},"end":{"line":425,"column":62}}},"33":{"name":"resolve","line":442,"loc":{"start":{"line":442,"column":0},"end":{"line":442,"column":33}}},"34":{"name":"publishRejection","line":452,"loc":{"start":{"line":452,"column":0},"end":{"line":452,"column":35}}},"35":{"name":"fulfill","line":460,"loc":{"start":{"line":460,"column":0},"end":{"line":460,"column":33}}},"36":{"name":"reject","line":477,"loc":{"start":{"line":477,"column":0},"end":{"line":477,"column":33}}},"37":{"name":"subscribe","line":486,"loc":{"start":{"line":486,"column":0},"end":{"line":486,"column":62}}},"38":{"name":"publish","line":501,"loc":{"start":{"line":501,"column":0},"end":{"line":501,"column":26}}},"39":{"name":"ErrorObject","line":531,"loc":{"start":{"line":531,"column":0},"end":{"line":531,"column":23}}},"40":{"name":"tryCatch","line":537,"loc":{"start":{"line":537,"column":0},"end":{"line":537,"column":36}}},"41":{"name":"invokeCallback","line":546,"loc":{"start":{"line":546,"column":0},"end":{"line":546,"column":60}}},"42":{"name":"initializePromise","line":586,"loc":{"start":{"line":586,"column":0},"end":{"line":586,"column":46}}},"43":{"name":"(anonymous_43)","line":589,"loc":{"start":{"line":589,"column":13},"end":{"line":589,"column":30}}},"44":{"name":"(anonymous_44)","line":595,"loc":{"start":{"line":595,"column":7},"end":{"line":595,"column":25}}},"45":{"name":"then","line":607,"loc":{"start":{"line":607,"column":0},"end":{"line":607,"column":49}}},"46":{"name":"(anonymous_46)","line":626,"loc":{"start":{"line":626,"column":5},"end":{"line":626,"column":17}}},"47":{"name":"(anonymous_47)","line":628,"loc":{"start":{"line":628,"column":19},"end":{"line":628,"column":31}}},"48":{"name":"makeSettledResult","line":639,"loc":{"start":{"line":639,"column":0},"end":{"line":639,"column":51}}},"49":{"name":"Enumerator","line":653,"loc":{"start":{"line":653,"column":0},"end":{"line":653,"column":62}}},"50":{"name":"(anonymous_50)","line":679,"loc":{"start":{"line":679,"column":38},"end":{"line":679,"column":55}}},"51":{"name":"(anonymous_51)","line":683,"loc":{"start":{"line":683,"column":40},"end":{"line":683,"column":52}}},"52":{"name":"(anonymous_52)","line":687,"loc":{"start":{"line":687,"column":29},"end":{"line":687,"column":41}}},"53":{"name":"(anonymous_53)","line":691,"loc":{"start":{"line":691,"column":34},"end":{"line":691,"column":46}}},"54":{"name":"(anonymous_54)","line":701,"loc":{"start":{"line":701,"column":44},"end":{"line":701,"column":64}}},"55":{"name":"(anonymous_55)","line":719,"loc":{"start":{"line":719,"column":31},"end":{"line":719,"column":53}}},"56":{"name":"(anonymous_56)","line":728,"loc":{"start":{"line":728,"column":34},"end":{"line":728,"column":54}}},"57":{"name":"(anonymous_57)","line":737,"loc":{"start":{"line":737,"column":34},"end":{"line":737,"column":61}}},"58":{"name":"(anonymous_58)","line":755,"loc":{"start":{"line":755,"column":35},"end":{"line":755,"column":62}}},"59":{"name":"(anonymous_59)","line":759,"loc":{"start":{"line":759,"column":37},"end":{"line":759,"column":59}}},"60":{"name":"(anonymous_60)","line":762,"loc":{"start":{"line":762,"column":32},"end":{"line":762,"column":49}}},"61":{"name":"(anonymous_61)","line":764,"loc":{"start":{"line":764,"column":5},"end":{"line":764,"column":23}}},"62":{"name":"all$1","line":816,"loc":{"start":{"line":816,"column":0},"end":{"line":816,"column":31}}},"63":{"name":"race$1","line":886,"loc":{"start":{"line":886,"column":0},"end":{"line":886,"column":32}}},"64":{"name":"(anonymous_64)","line":898,"loc":{"start":{"line":898,"column":58},"end":{"line":898,"column":75}}},"65":{"name":"(anonymous_65)","line":900,"loc":{"start":{"line":900,"column":7},"end":{"line":900,"column":25}}},"66":{"name":"reject$1","line":943,"loc":{"start":{"line":943,"column":0},"end":{"line":943,"column":33}}},"67":{"name":"needsResolver","line":954,"loc":{"start":{"line":954,"column":0},"end":{"line":954,"column":25}}},"68":{"name":"needsNew","line":958,"loc":{"start":{"line":958,"column":0},"end":{"line":958,"column":20}}},"69":{"name":"Promise$1","line":1066,"loc":{"start":{"line":1066,"column":0},"end":{"line":1066,"column":36}}},"70":{"name":"_onError","line":1092,"loc":{"start":{"line":1092,"column":12},"end":{"line":1092,"column":38}}},"71":{"name":"(anonymous_71)","line":1094,"loc":{"start":{"line":1094,"column":17},"end":{"line":1094,"column":29}}},"72":{"name":"_catch","line":1325,"loc":{"start":{"line":1325,"column":11},"end":{"line":1325,"column":47}}},"73":{"name":"_finally","line":1369,"loc":{"start":{"line":1369,"column":13},"end":{"line":1369,"column":48}}},"74":{"name":"(anonymous_74)","line":1373,"loc":{"start":{"line":1373,"column":24},"end":{"line":1373,"column":41}}},"75":{"name":"(anonymous_75)","line":1374,"loc":{"start":{"line":1374,"column":50},"end":{"line":1374,"column":62}}},"76":{"name":"(anonymous_76)","line":1377,"loc":{"start":{"line":1377,"column":7},"end":{"line":1377,"column":25}}},"77":{"name":"(anonymous_77)","line":1378,"loc":{"start":{"line":1378,"column":50},"end":{"line":1378,"column":62}}},"78":{"name":"Result","line":1385,"loc":{"start":{"line":1385,"column":0},"end":{"line":1385,"column":18}}},"79":{"name":"getThen$1","line":1392,"loc":{"start":{"line":1392,"column":0},"end":{"line":1392,"column":24}}},"80":{"name":"tryApply","line":1401,"loc":{"start":{"line":1401,"column":0},"end":{"line":1401,"column":27}}},"81":{"name":"makeObject","line":1410,"loc":{"start":{"line":1410,"column":0},"end":{"line":1410,"column":38}}},"82":{"name":"arrayResult","line":1427,"loc":{"start":{"line":1427,"column":0},"end":{"line":1427,"column":24}}},"83":{"name":"wrapThenable","line":1438,"loc":{"start":{"line":1438,"column":0},"end":{"line":1438,"column":38}}},"84":{"name":"then","line":1440,"loc":{"start":{"line":1440,"column":10},"end":{"line":1440,"column":52}}},"85":{"name":"denodeify$1","line":1574,"loc":{"start":{"line":1574,"column":0},"end":{"line":1574,"column":40}}},"86":{"name":"fn","line":1575,"loc":{"start":{"line":1575,"column":11},"end":{"line":1575,"column":25}}},"87":{"name":"(anonymous_87)","line":1600,"loc":{"start":{"line":1600,"column":14},"end":{"line":1600,"column":34}}},"88":{"name":"handleValueInput","line":1616,"loc":{"start":{"line":1616,"column":0},"end":{"line":1616,"column":57}}},"89":{"name":"handlePromiseInput","line":1624,"loc":{"start":{"line":1624,"column":0},"end":{"line":1624,"column":59}}},"90":{"name":"(anonymous_90)","line":1625,"loc":{"start":{"line":1625,"column":34},"end":{"line":1625,"column":50}}},"91":{"name":"needsPromiseInput","line":1634,"loc":{"start":{"line":1634,"column":0},"end":{"line":1634,"column":32}}},"92":{"name":"all$3","line":1656,"loc":{"start":{"line":1656,"column":0},"end":{"line":1656,"column":29}}},"93":{"name":"AllSettled","line":1660,"loc":{"start":{"line":1660,"column":0},"end":{"line":1660,"column":49}}},"94":{"name":"(anonymous_94)","line":1667,"loc":{"start":{"line":1667,"column":40},"end":{"line":1667,"column":52}}},"95":{"name":"allSettled$1","line":1722,"loc":{"start":{"line":1722,"column":0},"end":{"line":1722,"column":38}}},"96":{"name":"race$3","line":1736,"loc":{"start":{"line":1736,"column":0},"end":{"line":1736,"column":30}}},"97":{"name":"PromiseHash","line":1740,"loc":{"start":{"line":1740,"column":0},"end":{"line":1740,"column":49}}},"98":{"name":"(anonymous_98)","line":1746,"loc":{"start":{"line":1746,"column":30},"end":{"line":1746,"column":42}}},"99":{"name":"(anonymous_99)","line":1750,"loc":{"start":{"line":1750,"column":39},"end":{"line":1750,"column":56}}},"100":{"name":"(anonymous_100)","line":1754,"loc":{"start":{"line":1754,"column":41},"end":{"line":1754,"column":53}}},"101":{"name":"(anonymous_101)","line":1758,"loc":{"start":{"line":1758,"column":35},"end":{"line":1758,"column":47}}},"102":{"name":"hash$1","line":1871,"loc":{"start":{"line":1871,"column":0},"end":{"line":1871,"column":31}}},"103":{"name":"HashSettled","line":1875,"loc":{"start":{"line":1875,"column":0},"end":{"line":1875,"column":49}}},"104":{"name":"(anonymous_104)","line":1883,"loc":{"start":{"line":1883,"column":41},"end":{"line":1883,"column":53}}},"105":{"name":"hashSettled$1","line":1988,"loc":{"start":{"line":1988,"column":0},"end":{"line":1988,"column":38}}},"106":{"name":"rethrow$1","line":2032,"loc":{"start":{"line":2032,"column":0},"end":{"line":2032,"column":27}}},"107":{"name":"(anonymous_107)","line":2033,"loc":{"start":{"line":2033,"column":13},"end":{"line":2033,"column":25}}},"108":{"name":"defer$1","line":2071,"loc":{"start":{"line":2071,"column":0},"end":{"line":2071,"column":24}}},"109":{"name":"(anonymous_109)","line":2074,"loc":{"start":{"line":2074,"column":35},"end":{"line":2074,"column":62}}},"110":{"name":"map$1","line":2160,"loc":{"start":{"line":2160,"column":0},"end":{"line":2160,"column":39}}},"111":{"name":"(anonymous_111)","line":2161,"loc":{"start":{"line":2161,"column":45},"end":{"line":2161,"column":63}}},"112":{"name":"resolve$3","line":2189,"loc":{"start":{"line":2189,"column":0},"end":{"line":2189,"column":33}}},"113":{"name":"reject$3","line":2204,"loc":{"start":{"line":2204,"column":0},"end":{"line":2204,"column":33}}},"114":{"name":"resolveAll","line":2294,"loc":{"start":{"line":2294,"column":0},"end":{"line":2294,"column":37}}},"115":{"name":"resolveSingle","line":2298,"loc":{"start":{"line":2298,"column":0},"end":{"line":2298,"column":39}}},"116":{"name":"(anonymous_116)","line":2299,"loc":{"start":{"line":2299,"column":48},"end":{"line":2299,"column":68}}},"117":{"name":"filter$1","line":2303,"loc":{"start":{"line":2303,"column":0},"end":{"line":2303,"column":45}}},"118":{"name":"(anonymous_118)","line":2305,"loc":{"start":{"line":2305,"column":22},"end":{"line":2305,"column":40}}},"119":{"name":"(anonymous_119)","line":2317,"loc":{"start":{"line":2317,"column":44},"end":{"line":2317,"column":64}}},"120":{"name":"asap$1","line":2337,"loc":{"start":{"line":2337,"column":0},"end":{"line":2337,"column":31}}},"121":{"name":"useNextTick","line":2358,"loc":{"start":{"line":2358,"column":0},"end":{"line":2358,"column":23}}},"122":{"name":"(anonymous_122)","line":2366,"loc":{"start":{"line":2366,"column":9},"end":{"line":2366,"column":21}}},"123":{"name":"useVertxTimer","line":2372,"loc":{"start":{"line":2372,"column":0},"end":{"line":2372,"column":25}}},"124":{"name":"(anonymous_124)","line":2374,"loc":{"start":{"line":2374,"column":11},"end":{"line":2374,"column":23}}},"125":{"name":"useMutationObserver","line":2381,"loc":{"start":{"line":2381,"column":0},"end":{"line":2381,"column":31}}},"126":{"name":"(anonymous_126)","line":2387,"loc":{"start":{"line":2387,"column":9},"end":{"line":2387,"column":21}}},"127":{"name":"useMessageChannel","line":2393,"loc":{"start":{"line":2393,"column":0},"end":{"line":2393,"column":29}}},"128":{"name":"(anonymous_128)","line":2396,"loc":{"start":{"line":2396,"column":9},"end":{"line":2396,"column":21}}},"129":{"name":"useSetTimeout","line":2401,"loc":{"start":{"line":2401,"column":0},"end":{"line":2401,"column":25}}},"130":{"name":"(anonymous_130)","line":2402,"loc":{"start":{"line":2402,"column":9},"end":{"line":2402,"column":21}}},"131":{"name":"flush","line":2409,"loc":{"start":{"line":2409,"column":0},"end":{"line":2409,"column":17}}},"132":{"name":"attemptVertex","line":2423,"loc":{"start":{"line":2423,"column":0},"end":{"line":2423,"column":25}}},"133":{"name":"_defineProperty","line":2463,"loc":{"start":{"line":2463,"column":0},"end":{"line":2463,"column":42}}},"134":{"name":"(anonymous_134)","line":2470,"loc":{"start":{"line":2470,"column":15},"end":{"line":2470,"column":29}}},"135":{"name":"async","line":2475,"loc":{"start":{"line":2475,"column":12},"end":{"line":2475,"column":42}}},"136":{"name":"on","line":2479,"loc":{"start":{"line":2479,"column":0},"end":{"line":2479,"column":14}}},"137":{"name":"off","line":2483,"loc":{"start":{"line":2483,"column":0},"end":{"line":2483,"column":15}}}},"statementMap":{"1":{"start":{"line":9,"column":0},"end":{"line":2542,"column":5}},"2":{"start":{"line":10,"column":1},"end":{"line":12,"column":46}},"3":{"start":{"line":15,"column":0},"end":{"line":23,"column":1}},"4":{"start":{"line":16,"column":2},"end":{"line":20,"column":3}},"5":{"start":{"line":17,"column":4},"end":{"line":19,"column":5}},"6":{"start":{"line":18,"column":6},"end":{"line":18,"column":15}},"7":{"start":{"line":22,"column":2},"end":{"line":22,"column":12}},"8":{"start":{"line":25,"column":0},"end":{"line":33,"column":1}},"9":{"start":{"line":26,"column":2},"end":{"line":26,"column":43}},"10":{"start":{"line":28,"column":2},"end":{"line":30,"column":3}},"11":{"start":{"line":29,"column":4},"end":{"line":29,"column":46}},"12":{"start":{"line":32,"column":2},"end":{"line":32,"column":19}},"13":{"start":{"line":38,"column":0},"end":{"line":200,"column":2}},"14":{"start":{"line":72,"column":4},"end":{"line":72,"column":30}},"15":{"start":{"line":73,"column":4},"end":{"line":73,"column":32}},"16":{"start":{"line":74,"column":4},"end":{"line":74,"column":40}},"17":{"start":{"line":75,"column":4},"end":{"line":75,"column":41}},"18":{"start":{"line":76,"column":4},"end":{"line":76,"column":18}},"19":{"start":{"line":94,"column":4},"end":{"line":96,"column":5}},"20":{"start":{"line":95,"column":6},"end":{"line":95,"column":57}},"21":{"start":{"line":98,"column":4},"end":{"line":99,"column":30}},"22":{"start":{"line":101,"column":4},"end":{"line":101,"column":40}},"23":{"start":{"line":103,"column":4},"end":{"line":105,"column":5}},"24":{"start":{"line":104,"column":6},"end":{"line":104,"column":47}},"25":{"start":{"line":107,"column":4},"end":{"line":109,"column":5}},"26":{"start":{"line":108,"column":6},"end":{"line":108,"column":31}},"27":{"start":{"line":143,"column":4},"end":{"line":145,"column":26}},"28":{"start":{"line":147,"column":4},"end":{"line":150,"column":5}},"29":{"start":{"line":148,"column":6},"end":{"line":148,"column":35}},"30":{"start":{"line":149,"column":6},"end":{"line":149,"column":13}},"31":{"start":{"line":152,"column":4},"end":{"line":152,"column":40}},"32":{"start":{"line":154,"column":4},"end":{"line":154,"column":41}},"33":{"start":{"line":156,"column":4},"end":{"line":158,"column":5}},"34":{"start":{"line":157,"column":6},"end":{"line":157,"column":33}},"35":{"start":{"line":187,"column":4},"end":{"line":189,"column":29}},"36":{"start":{"line":191,"column":4},"end":{"line":198,"column":5}},"37":{"start":{"line":193,"column":6},"end":{"line":197,"column":7}},"38":{"start":{"line":194,"column":8},"end":{"line":194,"column":32}},"39":{"start":{"line":196,"column":8},"end":{"line":196,"column":33}},"40":{"start":{"line":202,"column":0},"end":{"line":204,"column":2}},"41":{"start":{"line":206,"column":0},"end":{"line":206,"column":29}},"42":{"start":{"line":208,"column":0},"end":{"line":222,"column":1}},"43":{"start":{"line":209,"column":2},"end":{"line":215,"column":3}},"44":{"start":{"line":213,"column":4},"end":{"line":213,"column":33}},"45":{"start":{"line":214,"column":4},"end":{"line":214,"column":11}},"46":{"start":{"line":217,"column":2},"end":{"line":221,"column":3}},"47":{"start":{"line":218,"column":4},"end":{"line":218,"column":25}},"48":{"start":{"line":220,"column":4},"end":{"line":220,"column":24}},"49":{"start":{"line":224,"column":0},"end":{"line":226,"column":1}},"50":{"start":{"line":225,"column":2},"end":{"line":225,"column":72}},"51":{"start":{"line":228,"column":0},"end":{"line":230,"column":1}},"52":{"start":{"line":229,"column":2},"end":{"line":229,"column":33}},"53":{"start":{"line":232,"column":0},"end":{"line":234,"column":1}},"54":{"start":{"line":233,"column":2},"end":{"line":233,"column":45}},"55":{"start":{"line":236,"column":0},"end":{"line":236,"column":25}},"56":{"start":{"line":237,"column":0},"end":{"line":243,"column":1}},"57":{"start":{"line":238,"column":2},"end":{"line":240,"column":4}},"58":{"start":{"line":239,"column":4},"end":{"line":239,"column":66}},"59":{"start":{"line":242,"column":2},"end":{"line":242,"column":27}},"60":{"start":{"line":245,"column":0},"end":{"line":245,"column":23}},"61":{"start":{"line":249,"column":0},"end":{"line":251,"column":2}},"62":{"start":{"line":250,"column":2},"end":{"line":250,"column":30}},"63":{"start":{"line":253,"column":0},"end":{"line":253,"column":15}},"64":{"start":{"line":255,"column":0},"end":{"line":264,"column":2}},"65":{"start":{"line":256,"column":2},"end":{"line":258,"column":3}},"66":{"start":{"line":257,"column":4},"end":{"line":257,"column":53}},"67":{"start":{"line":259,"column":2},"end":{"line":261,"column":3}},"68":{"start":{"line":260,"column":4},"end":{"line":260,"column":54}},"69":{"start":{"line":262,"column":2},"end":{"line":262,"column":18}},"70":{"start":{"line":263,"column":2},"end":{"line":263,"column":17}},"71":{"start":{"line":266,"column":0},"end":{"line":266,"column":15}},"72":{"start":{"line":268,"column":0},"end":{"line":285,"column":1}},"73":{"start":{"line":269,"column":2},"end":{"line":284,"column":9}},"74":{"start":{"line":270,"column":4},"end":{"line":282,"column":5}},"75":{"start":{"line":271,"column":6},"end":{"line":271,"column":27}},"76":{"start":{"line":273,"column":6},"end":{"line":273,"column":34}},"77":{"start":{"line":275,"column":6},"end":{"line":275,"column":46}},"78":{"start":{"line":276,"column":6},"end":{"line":276,"column":56}},"79":{"start":{"line":277,"column":6},"end":{"line":279,"column":7}},"80":{"start":{"line":278,"column":8},"end":{"line":278,"column":44}},"81":{"start":{"line":281,"column":6},"end":{"line":281,"column":51}},"82":{"start":{"line":283,"column":4},"end":{"line":283,"column":21}},"83":{"start":{"line":286,"column":0},"end":{"line":301,"column":1}},"84":{"start":{"line":287,"column":2},"end":{"line":300,"column":3}},"85":{"start":{"line":299,"column":4},"end":{"line":299,"column":20}},"86":{"start":{"line":335,"column":0},"end":{"line":346,"column":1}},"87":{"start":{"line":337,"column":2},"end":{"line":337,"column":25}},"88":{"start":{"line":339,"column":2},"end":{"line":341,"column":3}},"89":{"start":{"line":340,"column":4},"end":{"line":340,"column":18}},"90":{"start":{"line":343,"column":2},"end":{"line":343,"column":45}},"91":{"start":{"line":344,"column":2},"end":{"line":344,"column":27}},"92":{"start":{"line":345,"column":2},"end":{"line":345,"column":17}},"93":{"start":{"line":348,"column":0},"end":{"line":350,"column":1}},"94":{"start":{"line":349,"column":2},"end":{"line":349,"column":79}},"95":{"start":{"line":352,"column":0},"end":{"line":352,"column":18}},"96":{"start":{"line":354,"column":0},"end":{"line":354,"column":21}},"97":{"start":{"line":355,"column":0},"end":{"line":355,"column":18}},"98":{"start":{"line":356,"column":0},"end":{"line":356,"column":17}},"99":{"start":{"line":358,"column":0},"end":{"line":358,"column":39}},"100":{"start":{"line":360,"column":0},"end":{"line":367,"column":1}},"101":{"start":{"line":361,"column":2},"end":{"line":366,"column":3}},"102":{"start":{"line":362,"column":4},"end":{"line":362,"column":24}},"103":{"start":{"line":364,"column":4},"end":{"line":364,"column":33}},"104":{"start":{"line":365,"column":4},"end":{"line":365,"column":26}},"105":{"start":{"line":369,"column":0},"end":{"line":375,"column":1}},"106":{"start":{"line":370,"column":2},"end":{"line":374,"column":3}},"107":{"start":{"line":371,"column":4},"end":{"line":371,"column":62}},"108":{"start":{"line":373,"column":4},"end":{"line":373,"column":13}},"109":{
[...]
omise.then(function(value){","     // value here is \"Success!\"","   });","   ```","","  @method defer","  @static","  @for RSVP","  @param {String} label optional string for labeling the promise.","  Useful for tooling.","  @return {Object}"," */","function defer$1(label) {","  var deferred = { resolve: undefined, reject: undefined };","","  deferred.promise = new Promise$1(function (resolve, reject) {","    deferred.resolve = resolve;","    deferred.reject = reject;","  }, label);","","  return deferred;","}","","/**"," `RSVP.map` is similar to JavaScript's native `map` method, except that it","  waits for all promises to become fulfilled before running the `mapFn` on","  each item in given to `promises`. `RSVP.map` returns a promise that will","  become fulfilled with the result of running `mapFn` on the values the promises","  become fulfilled with.","","  For example:","","  ```javascript","","  let promise1 = RSVP.resolve(1);","  let promise2 = RSVP.resolve(2);","  let promise3 = RSVP.resolve(3);","  let promises = [ promise1, promise2, promise3 ];","","  let mapFn = function(item){","    return item + 1;","  };","","  RSVP.map(promises, mapFn).then(function(result){","    // result is [ 2, 3, 4 ]","  });","  ```","","  If any of the `promises` given to `RSVP.map` are rejected, the first promise","  that is rejected will be given as an argument to the returned promise's","  rejection handler. For example:","","  ```javascript","  let promise1 = RSVP.resolve(1);","  let promise2 = RSVP.reject(new Error('2'));","  let promise3 = RSVP.reject(new Error('3'));","  let promises = [ promise1, promise2, promise3 ];","","  let mapFn = function(item){","    return item + 1;","  };","","  RSVP.map(promises, mapFn).then(function(array){","    // Code here never runs because there are rejected promises!","  }, function(reason) {","    // reason.message === '2'","  });","  ```","","  `RSVP.map` will also wait if a promise is returned from `mapFn`. For example,","  say you want to get all comments from a set of blog posts, but you need","  the blog posts first because they contain a url to those comments.","","  ```javscript","","  let mapFn = function(blogPost){","    // getComments does some ajax and returns an RSVP.Promise that is fulfilled","    // with some comments data","    return getComments(blogPost.comments_url);","  };","","  // getBlogPosts does some ajax and returns an RSVP.Promise that is fulfilled","  // with some blog post data","  RSVP.map(getBlogPosts(), mapFn).then(function(comments){","    // comments is the result of asking the server for the comments","    // of all blog posts returned from getBlogPosts()","  });","  ```","","  @method map","  @static","  @for RSVP","  @param {Array} promises","  @param {Function} mapFn function to be called on each fulfilled promise.","  @param {String} label optional string for labeling the promise.","  Useful for tooling.","  @return {Promise} promise that is fulfilled with the result of calling","  `mapFn` on each fulfilled promise or value when they become fulfilled.","   The promise will be rejected if any of the given `promises` become rejected.","  @static","*/","function map$1(promises, mapFn, label) {","  return Promise$1.all(promises, label).then(function (values) {","    if (!isFunction(mapFn)) {","      throw new TypeError(\"You must pass a function as map's second argument.\");","    }","","    var length = values.length;","    var results = new Array(length);","","    for (var i = 0; i < length; i++) {","      results[i] = mapFn(values[i]);","    }","","    return Promise$1.all(results, label);","  });","}","","/**","  This is a convenient alias for `RSVP.Promise.resolve`.","","  @method resolve","  @static","  @for RSVP","  @param {*} value value that the returned promise will be resolved with","  @param {String} label optional string for identifying the returned promise.","  Useful for tooling.","  @return {Promise} a promise that will become fulfilled with the given","  `value`","*/","function resolve$3(value, label) {","  return Promise$1.resolve(value, label);","}","","/**","  This is a convenient alias for `RSVP.Promise.reject`.","","  @method reject","  @static","  @for RSVP","  @param {*} reason value that the returned promise will be rejected with.","  @param {String} label optional string for identifying the returned promise.","  Useful for tooling.","  @return {Promise} a promise rejected with the given `reason`.","*/","function reject$3(reason, label) {","  return Promise$1.reject(reason, label);","}","","/**"," `RSVP.filter` is similar to JavaScript's native `filter` method, except that it","  waits for all promises to become fulfilled before running the `filterFn` on","  each item in given to `promises`. `RSVP.filter` returns a promise that will","  become fulfilled with the result of running `filterFn` on the values the","  promises become fulfilled with.","","  For example:","","  ```javascript","","  let promise1 = RSVP.resolve(1);","  let promise2 = RSVP.resolve(2);","  let promise3 = RSVP.resolve(3);","","  let promises = [promise1, promise2, promise3];","","  let filterFn = function(item){","    return item > 1;","  };","","  RSVP.filter(promises, filterFn).then(function(result){","    // result is [ 2, 3 ]","  });","  ```","","  If any of the `promises` given to `RSVP.filter` are rejected, the first promise","  that is rejected will be given as an argument to the returned promise's","  rejection handler. For example:","","  ```javascript","  let promise1 = RSVP.resolve(1);","  let promise2 = RSVP.reject(new Error('2'));","  let promise3 = RSVP.reject(new Error('3'));","  let promises = [ promise1, promise2, promise3 ];","","  let filterFn = function(item){","    return item > 1;","  };","","  RSVP.filter(promises, filterFn).then(function(array){","    // Code here never runs because there are rejected promises!","  }, function(reason) {","    // reason.message === '2'","  });","  ```","","  `RSVP.filter` will also wait for any promises returned from `filterFn`.","  For instance, you may want to fetch a list of users then return a subset","  of those users based on some asynchronous operation:","","  ```javascript","","  let alice = { name: 'alice' };","  let bob   = { name: 'bob' };","  let users = [ alice, bob ];","","  let promises = users.map(function(user){","    return RSVP.resolve(user);","  });","","  let filterFn = function(user){","    // Here, Alice has permissions to create a blog post, but Bob does not.","    return getPrivilegesForUser(user).then(function(privs){","      return privs.can_create_blog_post === true;","    });","  };","  RSVP.filter(promises, filterFn).then(function(users){","    // true, because the server told us only Alice can create a blog post.","    users.length === 1;","    // false, because Alice is the only user present in `users`","    users[0] === bob;","  });","  ```","","  @method filter","  @static","  @for RSVP","  @param {Array} promises","  @param {Function} filterFn - function to be called on each resolved value to","  filter the final results.","  @param {String} label optional string describing the promise. Useful for","  tooling.","  @return {Promise}","*/","","function resolveAll(promises, label) {","  return Promise$1.all(promises, label);","}","","function resolveSingle(promise, label) {","  return Promise$1.resolve(promise, label).then(function (promises) {","    return resolveAll(promises, label);","  });","}","function filter$1(promises, filterFn, label) {","  var promise = isArray(promises) ? resolveAll(promises, label) : resolveSingle(promises, label);","  return promise.then(function (values) {","    if (!isFunction(filterFn)) {","      throw new TypeError(\"You must pass a function as filter's second argument.\");","    }","","    var length = values.length;","    var filtered = new Array(length);","","    for (var i = 0; i < length; i++) {","      filtered[i] = filterFn(values[i]);","    }","","    return resolveAll(filtered, label).then(function (filtered) {","      var results = new Array(length);","      var newLength = 0;","","      for (var i = 0; i < length; i++) {","        if (filtered[i]) {","          results[newLength] = values[i];","          newLength++;","        }","      }","","      results.length = newLength;","","      return results;","    });","  });","}","","var len = 0;","var vertxNext = undefined;","function asap$1(callback, arg) {","  queue$1[len] = callback;","  queue$1[len + 1] = arg;","  len += 2;","  if (len === 2) {","    // If len is 1, that means that we need to schedule an async flush.","    // If additional callbacks are queued before the queue is flushed, they","    // will be processed by this flush that we are scheduling.","    scheduleFlush$1();","  }","}","","var browserWindow = typeof window !== 'undefined' ? window : undefined;","var browserGlobal = browserWindow || {};","var BrowserMutationObserver = browserGlobal.MutationObserver || browserGlobal.WebKitMutationObserver;","var isNode = typeof self === 'undefined' && typeof process !== 'undefined' && ({}).toString.call(process) === '[object process]';","","// test for web worker but not in IE10","var isWorker = typeof Uint8ClampedArray !== 'undefined' && typeof importScripts !== 'undefined' && typeof MessageChannel !== 'undefined';","","// node","function useNextTick() {","  var nextTick = process.nextTick;","  // node version 0.10.x displays a deprecation warning when nextTick is used recursively","  // setImmediate should be used instead instead","  var version = process.versions.node.match(/^(?:(\\d+)\\.)?(?:(\\d+)\\.)?(\\*|\\d+)$/);","  if (Array.isArray(version) && version[1] === '0' && version[2] === '10') {","    nextTick = setImmediate;","  }","  return function () {","    return nextTick(flush);","  };","}","","// vertx","function useVertxTimer() {","  if (typeof vertxNext !== 'undefined') {","    return function () {","      vertxNext(flush);","    };","  }","  return useSetTimeout();","}","","function useMutationObserver() {","  var iterations = 0;","  var observer = new BrowserMutationObserver(flush);","  var node = document.createTextNode('');","  observer.observe(node, { characterData: true });","","  return function () {","    return node.data = iterations = ++iterations % 2;","  };","}","","// web worker","function useMessageChannel() {","  var channel = new MessageChannel();","  channel.port1.onmessage = flush;","  return function () {","    return channel.port2.postMessage(0);","  };","}","","function useSetTimeout() {","  return function () {","    return setTimeout(flush, 1);","  };","}","","var queue$1 = new Array(1000);","","function flush() {","  for (var i = 0; i < len; i += 2) {","    var callback = queue$1[i];","    var arg = queue$1[i + 1];","","    callback(arg);","","    queue$1[i] = undefined;","    queue$1[i + 1] = undefined;","  }","","  len = 0;","}","","function attemptVertex() {","  try {","    var r = require;","    var vertx = r('vertx');","    vertxNext = vertx.runOnLoop || vertx.runOnContext;","    return useVertxTimer();","  } catch (e) {","    return useSetTimeout();","  }","}","","var scheduleFlush$1 = undefined;","// Decide what async method to use to triggering processing of queued callbacks:","if (isNode) {","  scheduleFlush$1 = useNextTick();","} else if (BrowserMutationObserver) {","  scheduleFlush$1 = useMutationObserver();","} else if (isWorker) {","  scheduleFlush$1 = useMessageChannel();","} else if (browserWindow === undefined && typeof require === 'function') {","  scheduleFlush$1 = attemptVertex();","} else {","  scheduleFlush$1 = useSetTimeout();","}","","var platform = undefined;","","/* global self */","if (typeof self === 'object') {","  platform = self;","","  /* global global */","} else if (typeof global === 'object') {","    platform = global;","  } else {","    throw new Error('no global: `self` or `global` found');","  }","","var _async$filter;","","function _defineProperty(obj, key, value) { if (key in obj) { Object.defineProperty(obj, key, { value: value, enumerable: true, configurable: true, writable: true }); } else { obj[key] = value; } return obj; }","","// defaults","","// the default export here is for backwards compat:","//   https://github.com/tildeio/rsvp.js/issues/434","config.async = asap$1;","config.after = function (cb) {","  return setTimeout(cb, 0);","};","var cast = resolve$3;","","var async = function async(callback, arg) {","  return config.async(callback, arg);","};","","function on() {","  config['on'].apply(config, arguments);","}","","function off() {","  config['off'].apply(config, arguments);","}","","// Set up instrumentation through `window.__PROMISE_INTRUMENTATION__`","if (typeof window !== 'undefined' && typeof window['__PROMISE_INSTRUMENTATION__'] === 'object') {","  var callbacks = window['__PROMISE_INSTRUMENTATION__'];","  configure('instrument', true);","  for (var eventName in callbacks) {","    if (callbacks.hasOwnProperty(eventName)) {","      on(eventName, callbacks[eventName]);","    }","  }","}var rsvp = (_async$filter = {","  asap: asap$1,","  cast: cast,","  Promise: Promise$1,","  EventTarget: EventTarget,","  all: all$3,","  allSettled: allSettled$1,","  race: race$3,","  hash: hash$1,","  hashSettled: hashSettled$1,","  rethrow: rethrow$1,","  defer: defer$1,","  denodeify: denodeify$1,","  configure: configure,","  on: on,","  off: off,","  resolve: resolve$3,","  reject: reject$3,","  map: map$1","}, _defineProperty(_async$filter, 'async', async), _defineProperty(_async$filter, 'filter', // babel seems to error if async isn't a computed prop here...","filter$1), _async$filter);","","exports['default'] = rsvp;","exports.asap = asap$1;","exports.cast = cast;","exports.Promise = Promise$1;","exports.EventTarget = EventTarget;","exports.all = all$3;","exports.allSettled = allSettled$1;","exports.race = race$3;","exports.hash = hash$1;","exports.hashSettled = hashSettled$1;","exports.rethrow = rethrow$1;","exports.defer = defer$1;","exports.denodeify = denodeify$1;","exports.configure = configure;","exports.on = on;","exports.off = off;","exports.resolve = resolve$3;","exports.reject = reject$3;","exports.map = map$1;","exports.async = async;","exports.filter = filter$1;","","Object.defineProperty(exports, '__esModule', { value: true });","","})));","","//# sourceMappingURL=rsvp.map",""],"l":{"9":1,"10":1,"15":1,"16":0,"17":0,"18":0,"22":0,"25":1,"26":0,"28":0,"29":0,"32":0,"38":1,"72":1,"73":1,"74":1,"75":1,"76":1,"94":0,"95":0,"98":0,"101":0,"103":0,"104":0,"107":0,"108":0,"143":0,"147":0,"148":0,"149":0,"152":0,"154":0,"156":0,"157":0,"187":0,"191":0,"193":0,"194":0,"196":0,"202":1,"206":1,"208":1,"209":0,"213":0,"214":0,"217":0,"218":0,"220":0,"224":1,"225":0,"228":1,"229":0,"232":1,"233":0,"236":1,"237":1,"238":0,"239":0,"242":1,"245":1,"249":1,"250":0,"253":1,"255":1,"256":0,"257":0,"259":0,"260":0,"262":0,"263":0,"266":1,"268":1,"269":0,"270":0,"271":0,"273":0,"275":0,"276":0,"277":0,"278":0,"281":0,"283":0,"286":1,"287":0,"299":0,"335":1,"337":0,"339":0,"340":0,"343":0,"344":0,"345":0,"348":1,"349":0,"352":1,"354":1,"355":1,"356":1,"358":1,"360":1,"361":0,"362":0,"364":0,"365":0,"369":1,"370":0,"371":0,"373":0,"377":1,"378":0,"379":0,"380":0,"381":0,"382":0,"384":0,"385":0,"386":0,"388":0,"391":0,"392":0,"394":0,"396":0,"399":0,"400":0,"401":0,"406":1,"407":0,"408":0,"409":0,"410":0,"411":0,"413":0,"414":0,"415":0,"417":0,"420":0,"425":1,"426":0,"427":0,"429":0,"430":0,"431":0,"432":0,"433":0,"434":0,"435":0,"437":0,"442":1,"443":0,"444":0,"445":0,"446":0,"448":0,"452":1,"453":0,"454":0,"457":0,"460":1,"461":0,"462":0,"465":0,"466":0,"468":0,"469":0,"470":0,"473":0,"477":1,"478":0,"479":0,"481":0,"482":0,"483":0,"486":1,"487":0,"488":0,"490":0,"492":0,"493":0,"494":0,"496":0,"497":0,"501":1,"502":0,"503":0,"505":0,"506":0,"509":0,"510":0,"513":0,"517":0,"518":0,"519":0,"521":0,"522":0,"524":0,"528":0,"531":1,"532":2,"535":1,"537":1,"538":0,"539":0,"541":0,"542":0,"546":1,"547":0,"553":0,"554":0,"556":0,"557":0,"558":0,"559":0,"561":0,"564":0,"565":0,"566":0,"569":0,"570":0,"573":0,"575":0,"576":0,"577":0,"578":0,"579":0,"580":0,"581":0,"582":0,"586":1,"587":0,"588":0,"589":0,"590":0,"591":0,"593":0,"594":0,"596":0,"597":0,"599":0,"600":0,"603":0,"607":1,"608":0,"610":0,"611":0,"613":0,"614":0,"615":0,"618":0,"620":0,"621":0,"623":0,"625":0,"626":0,"627":0,"628":0,"629":0,"633":0,"636":0,"639":1,"640":0,"641":0,"646":0,"653":1,"654":0,"655":0,"656":0,"658":0,"659":0,"660":0,"661":0,"663":0,"665":0,"666":0,"668":0,"669":0,"670":0,"671":0,"675":0,"679":1,"680":0,"683":1,"684":0,"687":1,"688":0,"691":1,"692":0,"693":0,"694":0,"696":0,"697":0,"701":1,"702":0,"703":0,"705":0,"706":0,"708":0,"709":0,"710":0,"711":0,"712":0,"713":0,"714":0,"715":0,"716":0,"717":0,"719":0,"720":0,"724":0,"728":1,"729":0,"730":0,"732":0,"733":0,"737":1,"738":0,"740":0,"741":0,"743":0,"744":0,"746":0,"750":0,"751":0,"755":1,"756":0,"759":1,"760":0,"762":0,"763":0,"765":0,"816":1,"817":0,"886":1,"888":0,"890":0,"892":0,"893":0,"894":0,"897":0,"898":0,"899":0,"901":0,"905":0,"943":1,"945":0,"946":0,"947":0,"948":0,"951":1,"952":1,"954":1,"955":0,"958":1,"959":0,"1066":1,"1067":0,"1068":0,"1069":0,"1070":0,"1071":0,"1073":0,"1075":0,"1076":0,"1077":0,"1081":1,"1082":1,"1083":1,"1084":1,"1085":1,"1087":1,"1093":0,"1094":0,"1095":0,"1096":0,"1326":0,"1370":0,"1371":0,"1373":0,"1374":0,"1375":0,"1378":0,"1379":0,"1385":1,"1386":2,"1389":1,"1390":1,"1392":1,"1393":0,"1394":0,"1396":0,"1397":0,"1401":1,"1402":0,"1403":0,"1405":0,"1406":0,"1410":1,"1411":0,"1412":0,"1413":0,"1415":0,"1416":0,"1419":0,"1420":0,"1421":0,"1424":0,"1427":1,"1428":0,"1429":0,"1431":0,"1432":0,"1435":0,"1438":1,"1439":0,"1441":0,"1574":1,"1575":0,"1576":0,"1577":0,"1578":0,"1579":0,"1581":0,"1582":0,"1584":0,"1586":0,"1587":0,"1588":0,"1589":0,"1590":0,"1591":0,"1592":0,"1595":0,"1598":0,"1600":0,"1601":0,"1604":0,"1605":0,"1607":0,"1611":0,"1613":0,"1616":1,"1617":0,"1618":0,"1619":0,"1621":0,"1624":1,"1625":0,"1626":0,"1627":0,"1628":0,"1630":0,"1634":1,"1635":0,"1636":0,"1637":0,"1639":0,"1642":0,"1656":1,"1657":0,"1660":1,"1661":0,"1664":1,"1665":1,"1666":1,"1667":1,"1668":0,"1722":1,"1723":0,"1736":1,"1737":0,"1740":1,"1741":0,"1744":1,"1745":1,"1746":1,"1747":0,"1750":1,"1751":0,"1754":1,"1755":0,"1758":1,"1759":0,"1760":0,"1761":0,"1762":0,"1764":0,"1765":0,"1766":0,"1773":0,"1774":0,"1775":0,"1777":0,"1778":0,"1779":0,"1871":1,"1872":0,"1875":1,"1876":0,"1879":1,"1880":1,"1881":1,"1883":1,"1884":0,"1988":1,"1989":0,"2032":1,"2033":0,"2034":0,"2036":0,"2071":1,"2072":0,"2074":0,"2075":0,"2076":0,"2079":0,"2160":1,"2161":0,"2162":0,"2163":0,"2166":0,"2167":0,"2169":0,"2170":0,"2173":0,"2189":1,"2190":0,"2204":1,"2205":0,"2294":1,"2295":0,"2298":1,"2299":0,"2300":0,"2303":1,"2304":0,"2305":0,"2306":0,"2307":0,"2310":0,"2311":0,"2313":0,"2314":0,"2317":0,"2318":0,"2319":0,"2321":0,"2322":0,"2323":0,"2324":0,"2328":0,"2330":0,"2335":1,"2336":1,"2337":1,"2338":0,"2339":0,"2340":0,"2341":0,"2345":0,"2349":1,"2350":1,"2351":1,"2352":1,"2355":1,"2358":1,"2359":1,"2362":1,"2363":1,"2364":0,"2366":1,"2367":0,"2372":1,"2373":0,"2374":0,"2375":0,"2378":0,"2381":1,"2382":0,"2383":0,"2384":0,"2385":0,"2387":0,"2388":0,"2393":1,"2394":0,"2395":0,"2396":0,"2397":0,"2401":1,"2402":0,"2403":0,"2407":1,"2409":1,"2410":0,"2411":0,"2412":0,"2414":0,"2416":0,"2417":0,"2420":0,"2423":1,"2424":0,"2425":0,"2426":0,"2427":0,"2428":0,"2430":0,"2434":1,"2436":1,"2437":1,"2438":0,"2439":0,"2440":0,"2441":0,"2442":0,"2443":0,"2445":0,"2448":1,"2451":1,"2452":0,"2455":1,"2456":1,"2458":0,"2461":1,"2463":2,"2469":1,"2470":1,"2471":0,"2473":1,"2475":1,"2476":0,"2479":1,"2480":0,"2483":1,"2484":0,"2488":1,"2489":0,"2490":0,"2491":0,"2492":0,"2493":0,"2496":1,"2518":1,"2519":1,"2520":1,"2521":1,"2522":1,"2523":1,"2524":1,"2525":1,"2526":1,"2527":1,"2528":1,"2529":1,"2530":1,"2531":1,"2532":1,"2533":1,"2534":1,"2535":1,"2536":1,"2537":1,"2538":1,"2540":1}}}